165744
173492
176292
176378
176643
180210
182456
182875
183468
184256
184423
184743
186483
186680
187339
187357
187741
188063
188404
188802
189003
189167
189297
190127
190229
190238
190311
190565
190847
191391
191830
191963
191963
191965
192019
193422
193762
193778
194315
194489
194788
194898
194984
195122
195552
195860
196455
196631
196863
196993
197630
197657
198012
198164
198243
199045
199079
199127
199284
199472
199548
199586
199634
199653
199676
199743
200071
200116
200390
200533
200591
200605
200637
200658
200719
200730
200870
200923
200944
201263
201558
201599
201746
201778
202002
202238
202798
203135
203466
203668
203754
203853
203877
204057
204132
204539
204697
205137
205553
205675
205778
205816
206056
206306
206579
206672
207308
207612
208057
208062
208431
208473
208647
208741
209020
209463
209487
209593
209654
209790
210194
210394
210468
210494
210633
210677
210729
210737
210836
211034
211283
211317
211440
211842
211996
212214
212353
212455
212763
212842
212917
213042
213373
213690
214082
214198
214384
214560
214578
214616
214687
214713
214761
214790
214818
214869
214908
214913
214973
215112
215302
215303
215350
215420
215423
215502
215802
216045
216117
216163
216256
216807
216881
216965
217100
217159
217210
217241
217419
217439
217687
217695
217803
218500
218531
218588
218671
218689
218895
218950
219103
219188
219373
219611
219668
219707
219867
219870
219957
220001
220040
220059
220190
220252
220437
220460
220645
220662
220872
220913
220964
221033
221068
221191
221419
221440
221705
222014
222019
222212
222422
223120
223123
223170
223419
223699
223721
223830
224454
224458
224770
224858
224866
224930
224989
225024
225100
225189
225272
225288
225381
225657
225807
225840
225968
226234
226241
226255
226272
226503
226697
227490
227501
227537
228163
228163
228180
228202
228265
228305
228490
228546
228577
228640
228782
229483
229572
229741
229767
229894
230137
230400
230413
230413
230743
230779
231062
231246
231486
231933
231935
232295
232297
232509
232984
232997
233130
233345
233364
233537
233617
233766
234538
234577
234615
234625
234939
234971
235029
235042
235240
235305
235403
235948
236144
236285
236471
237109
237149
237355
237424
237519
237569
237625
237774
237890
238014
238188
238384
238500
238582
238617
238637
238836
238897
239371
239492
239769
239838
239955
239958
240056
240093
240264
240331
240665
240694
241085
241301
241915
241991
242374
242782
243073
243365
243656
243656
243795
244116
244193
244195
244220
244266
245194
245445
245481
245512
245699
245997
246171
246493
246859
247197
247244
247480
247878
247964
248162
248667
248873
248996
249006
249045
249749
250082
250705
250928
251484
253205
253365
253386
253651
253999
254068
254217
255011
255174
255427
256052
257212
257369
257487
257577
257780
258024
258244
261134
261182
261651
262967
263496
263895
264645
265004
266318
267069
267223
270288
271050
271273
272509
279227
282459
283963
