59224
59509
59837
60089
60687
61673
62366
62366
62720
63088
63119
63236
63394
63690
63776
63823
63922
64753
64809
64920
64960
65105
65155
65291
65480
65517
65712
65830
65927
66195
66468
66541
66771
66779
66845
66938
66961
66992
67007
67148
67260
67264
67398
67407
67455
67468
67600
67647
67757
67788
67810
67817
67856
67988
68130
68230
68244
68380
68455
68462
68598
68649
68657
68952
69009
69119
69128
69155
69159
69219
69277
69293
69331
69453
69639
69731
69761
69819
69824
69953
70054
70114
70139
70188
70215
70223
70237
70349
70431
70593
70677
70689
70718
70738
70780
70793
70898
70901
71027
71039
71080
71256
71273
71300
71361
71368
71395
71409
71417
71463
71523
71531
71578
71581
71644
71661
71678
71697
71708
71714
71767
71866
71886
71914
71932
71948
71949
71964
71969
72006
72009
72053
72172
72195
72201
72204
72249
72258
72276
72306
72340
72341
72342
72385
72452
72530
72548
72584
72624
72650
72657
72669
72671
72704
72730
72858
72958
72994
73048
73078
73097
73121
73143
73191
73210
73263
73366
73378
73387
73478
73554
73558
73627
73639
73682
73696
73776
73854
73877
73941
73968
74056
74078
74085
74148
74166
74172
74175
74218
74268
74281
74311
74363
74367
74367
74369
74391
74420
74455
74469
74486
74498
74528
74532
74547
74574
74580
74581
74603
74628
74636
74637
74716
74724
74748
74776
74785
74799
74804
74878
74897
74898
74900
74907
74946
74954
74974
75001
75015
75062
75064
75065
75067
75090
75147
75160
75177
75221
75274
75311
75315
75332
75349
75372
75385
75387
75439
75444
75465
75508
75558
75559
75569
75595
75610
75644
75655
75668
75670
75688
75689
75702
75702
75747
75765
75806
75813
75823
75849
75891
75898
75901
75957
75982
75999
76054
76103
76172
76180
76197
76199
76222
76222
76269
76306
76334
76363
76404
76415
76424
76461
76483
76491
76501
76544
76560
76570
76592
76595
76605
76612
76642
76656
76715
76776
76777
76789
76801
76804
76833
76891
76925
76965
76969
76974
76986
77011
77066
77067
77087
77102
77112
77131
77150
77172
77181
77183
77210
77216
77220
77244
77249
77264
77279
77291
77299
77312
77323
77335
77341
77351
77353
77371
77399
77406
77493
77513
77530
77536
77554
77570
77571
77620
77636
77650
77666
77690
77714
77788
77802
77815
77816
77820
77836
77907
77915
77948
77966
77969
78063
78105
78116
78148
78150
78158
78202
78246
78249
78264
78287
78289
78308
78313
78319
78438
78446
78473
78487
78493
78538
78565
78638
78646
78650
78660
78666
78691
78700
78715
78718
78729
78735
78741
78781
78817
78820
78832
78887
78918
78939
78974
78997
79035
79070
79087
79129
79184
79188
79201
79207
79220
79255
79364
79373
79412
79432
79437
79445
79445
79462
79482
79498
79512
79526
79560
79579
79585
79624
79627
79647
79648
79687
79697
79698
79720
79733
79748
79752
79822
79823
79830
79834
79864
79881
79885
79897
79898
79904
79942
79967
79996
79996
80025
80030
80040
80042
80049
80050
80067
80073
80083
80084
80096
80096
80100
80110
80111
80121
80133
80160
80172
80257
80293
80310
80343
80348
80372
80379
80389
80398
80409
80413
80433
80459
80471
80491
80498
80517
80544
80545
80558
80560
80568
80600
80656
80662
80705
80706
80711
80732
80755
80765
80776
80810
80847
80850
80864
80868
80877
80882
80888
80898
80898
80937
80940
80941
80957
80966
80967
80978
80984
81105
81129
81133
81136
81232
81248
81251
81281
81285
81337
81353
81368
81409
81416
81419
81425
81425
81453
81459
81476
81477
81479
81556
81570
81573
81616
81621
81633
81652
81674
81674
81677
81678
81692
81712
81755
81790
81828
81835
81836
81880
81882
81885
81887
81894
81902
81938
81942
81948
81955
81963
81984
81990
81994
82012
82015
82038
82042
82051
82054
82073
82076
82080
82081
82084
82124
82129
82143
82147
82160
82182
82186
82200
82208
82218
82225
82252
82263
82317
82318
82357
82369
82388
82436
82445
82454
82468
82483
82485
82500
82503
82506
82519
82533
82577
82584
82630
82644
82650
82664
82676
82683
82686
82695
82743
82748
82757
82789
82820
82853
82883
82883
82891
82897
82898
82909
82912
82944
82980
82985
83009
83013
83019
83021
83040
83043
83048
83075
83079
83086
83161
83165
83177
83196
83204
83204
83205
83248
83258
83316
83343
83390
83423
83424
83442
83452
83470
83476
83484
83489
83526
83562
83567
83611
83612
83616
83625
83644
83644
83662
83677
83726
83726
83760
83774
83794
83812
83814
83824
83862
83890
83905
83915
83917
83924
83924
83956
83965
83972
83973
83981
83982
83986
83989
84036
84131
84134
84139
84148
84164
84176
84178
84181
84190
84209
84222
84236
84255
84307
84336
84436
84478
84479
84479
84489
84495
84506
84530
84542
84542
84572
84580
84588
84675
84679
84684
84690
84704
84705
84711
84714
84719
84768
84772
84786
84824
84844
84865
84866
84898
84917
84949
84979
84979
84999
85030
85036
85041
85061
85065
85128
85135
85165
85172
85180
85188
85235
85299
85317
85321
85336
85367
85371
85394
85410
85424
85440
85453
85456
85495
85557
85560
85578
85588
85601
85608
85621
85626
85627
85644
85668
85677
85702
85766
85821
85830
85889
85903
85910
85913
85925
85952
85956
85959
85982
85991
85992
85999
86031
86067
86077
86119
86127
86127
86148
86207
86208
86217
86231
86244
86271
86273
86286
86302
86307
86318
86325
86340
86353
86361
86366
86373
86410
86426
86431
86496
86504
86523
86524
86534
86538
86541
86544
86581
86589
86604
86621
86650
86650
86651
86675
86714
86720
86726
86758
86759
86764
86769
86784
86794
86813
86838
86857
86871
86919
86924
86926
86989
86997
87007
87009
87021
87028
87059
87121
87130
87143
87154
87168
87189
87206
87217
87223
87235
87248
87267
87312
87318
87342
87373
87373
87375
87403
87414
87425
87431
87435
87437
87454
87486
87497
87555
87582
87606
87629
87650
87666
87678
87694
87702
87710
87718
87765
87766
87778
87800
87823
87829
87864
87911
87911
87928
87942
87959
87979
87982
87995
88001
88003
88037
88052
88089
88136
88141
88162
88187
88215
88224
88245
88259
88283
88323
88340
88354
88357
88371
88406
88410
88418
88453
88455
88468
88469
88470
88491
88500
88507
88529
88546
88564
88609
88619
88633
88760
88772
88783
88825
88831
88836
88836
88838
88840
88893
88909
88931
88947
88958
88973
88974
88976
88977
88980
88994
88997
89000
89001
89017
89030
89054
89063
89066
89104
89105
89118
89119
89134
89211
89220
89235
89252
89253
89257
89264
89294
89307
89311
89332
89343
89349
89364
89384
89391
89398
89401
89419
89430
89443
89444
89509
89518
89521
89522
89529
89538
89540
89569
89587
89596
89601
89603
89603
89610
89612
89629
89670
89679
89692
89702
89703
89717
89723
89741
89749
89790
89799
89803
89827
89830
89835
89835
89846
89862
89898
89908
89911
89922
89935
89946
89962
89964
89967
89970
90000
90019
90020
90030
90041
90071
90103
90137
90139
90150
90164
90188
90194
90211
90216
90225
90234
90258
90285
90310
90319
90320
90350
90366
90370
90384
90389
90392
90405
90427
90430
90435
90449
90456
90458
90495
90497
90506
90526
90529
90545
90600
90632
90640
90647
90648
90655
90708
90732
90732
90739
90742
90742
90753
90842
90844
90867
90881
90884
90913
90915
90932
90942
90971
90988
90995
91003
91018
91020
91030
91046
91051
91060
91074
91132
91142
91142
91149
91150
91158
91159
91166
91168
91190
91202
91207
91217
91298
91302
91319
91322
91333
91335
91340
91347
91351
91358
91359
91363
91378
91380
91392
91414
91422
91433
91442
91445
91459
91477
91560
91596
91647
91653
91654
91668
91696
91759
91761
91769
91788
91820
91834
91930
91946
91976
91976
91988
92036
92037
92064
92076
92096
92097
92103
92141
92148
92163
92185
92191
92273
92273
92279
92282
92297
92318
92380
92413
92426
92429
92463
92542
92545
92588
92592
92599
92612
92690
92733
92734
92741
92840
92872
92875
92880
92885
92893
92900
92909
92941
92944
92985
92986
93001
93004
93007
93055
93079
93086
93110
93126
93128
93140
93150
93194
93213
93246
93254
93281
93289
93295
93298
93304
93336
93348
93394
93432
93442
93473
93505
93508
93527
93530
93536
93554
93566
93571
93580
93588
93616
93640
93641
93668
93674
93692
93718
93729
93752
93754
93814
93835
93848
93910
93940
93949
93959
93969
93978
93979
94026
94084
94089
94101
94106
94113
94138
94191
94198
94204
94225
94250
94273
94303
94308
94358
94388
94389
94421
94431
94445
94453
94463
94487
94489
94505
94508
94521
94532
94536
94538
94652
94686
94692
94699
94713
94760
94769
94798
94821
94823
94848
94888
94908
94909
94959
94965
94979
94990
95016
95039
95060
95063
95111
95147
95157
95158
95166
95173
95183
95189
95224
95239
95251
95297
95306
95310
95317
95426
95451
95466
95477
95507
95550
95570
95647
95655
95677
95697
95746
95763
95779
95800
95802
95828
95830
95856
95894
95927
95964
95968
95972
95992
96057
96076
96091
96111
96149
96151
96171
96177
96243
96243
96283
96368
96389
96425
96452
96453
96456
96457
96474
96479
96486
96497
96525
96531
96534
96565
96581
96661
96768
96770
96807
96813
96824
96863
96866
96892
96904
96917
96953
96972
96987
97001
97021
97025
97029
97059
97062
97069
97072
97073
97083
97090
97184
97241
97270
97271
97280
97339
97348
97369
97375
97411
97474
97481
97490
97514
97554
97636
97681
97702
97736
97791
97805
97837
97861
97864
97909
97966
97973
98015
98064
98084
98097
98109
98115
98132
98137
98142
98185
98200
98244
98302
98342
98345
98366
98371
98372
98399
98432
98433
98448
98450
98475
98484
98485
98519
98521
98542
98547
98557
98602
98612
98622
98658
98673
98685
98714
98770
98771
98780
98861
98879
98896
98926
98927
98943
98971
98991
99040
99054
99084
99189
99198
99246
99248
99250
99275
99284
99294
99302
99307
99326
99338
99345
99346
99484
99492
99494
99500
99577
99591
99651
99663
99683
99710
99721
99728
99735
99747
99757
99766
99802
99853
99856
99856
99865
99940
99986
100005
100009
100063
100081
100167
100177
100259
100285
100298
100308
100310
100311
100312
100320
100342
100362
100377
100383
100454
100456
100459
100471
100475
100507
100516
100541
100547
100547
100611
100633
100644
100671
100696
100720
100775
100776
100799
100835
100849
100858
100870
100877
100888
100983
101038
101128
101148
101187
101218
101219
101233
101254
101298
101379
101428
101433
101510
101510
101516
101547
101567
101576
101596
101607
101611
101617
101628
101630
101638
101641
101663
101716
101738
101742
101744
101749
101755
101774
101849
101908
101913
102006
102039
102125
102125
102165
102205
102233
102319
102345
102417
102435
102440
102441
102465
102468
102488
102527
102590
102616
102723
102829
102841
102925
102937
102963
102972
102976
103036
103084
103147
103221
103267
103317
103392
103440
103457
103597
103609
103615
103671
103679
103782
103804
103824
103853
103861
103884
103931
103952
103979
104005
104008
104023
104040
104050
104145
104146
104167
104178
104201
104247
104271
104464
104513
104521
104548
104580
104731
104843
104844
104919
104926
104933
104942
104979
105030
105071
105071
105132
105137
105213
105232
105261
105276
105280
105313
105368
105390
105410
105445
105539
105603
105726
105760
106049
106089
106221
106227
106240
106344
106399
106458
106463
106476
106492
106493
106605
106611
106623
106674
106700
106720
106733
106787
106823
106828
106862
107133
107138
107153
107154
107298
107402
107453
107502
107508
107518
107543
107692
107798
107814
107825
108058
108093
108147
108153
108161
108190
108207
108278
108301
108308
108336
108423
108474
108541
108615
108639
108663
108665
108696
108697
108706
108723
108842
108866
108893
108940
109237
109282
109432
109467
109594
109643
109673
109780
109841
109841
109885
109904
110049
110065
110233
110246
110346
110420
110470
110554
110603
110649
110666
110750
111001
111112
111570
111739
111756
111798
112236
112338
112344
112359
112458
112678
112713
113181
113241
113301
113333
113659
113777
114101
114575
114733
114992
115153
115235
115327
115376
115437
115459
115756
115808
115888
116052
116246
116330
117062
117175
117267
117287
117309
117859
118576
118769
118811
118951
119299
119380
119607
119779
119822
119897
120165
120562
121201
121658
122015
122528
123310
123349
124924
125026
125139
125739
127696
134758
