127947
130104
130546
131445
132488
133024
134009
134262
135484
135785
136153
136474
136895
137339
138056
138732
138903
138908
138913
139264
139542
140717
140776
141504
141670
142869
143159
143250
143624
143865
143918
144132
144665
145192
145558
146155
146931
147218
147787
147859
147986
148174
148412
148423
148682
148719
148781
148883
148909
149048
149089
149424
149797
149937
150126
150303
150531
150622
150666
150892
150959
150980
151062
151130
151309
151455
151499
152105
152153
152181
152575
152613
152833
152931
152933
152940
153054
153098
153246
153255
153343
153632
153648
153909
153945
154151
154154
154170
154206
154238
154268
154306
154313
154422
154604
154618
154803
154818
154829
155006
155012
155038
155056
155150
155383
155489
155511
155589
155665
155879
156060
156404
156422
156468
156473
156548
156553
156572
156583
156595
156597
156640
156744
156876
156929
157014
157237
157283
157372
157402
157497
157865
157893
157906
158146
158150
158176
158201
158253
158315
158487
158488
158501
158557
158574
158605
158662
158677
158700
158827
158852
158940
159172
159199
159282
159314
159415
159439
159464
159476
159514
159531
159622
159625
159635
159663
159677
159684
159735
159747
159752
159771
159822
160074
160129
160177
160216
160305
160311
160317
160337
160347
160398
160401
160452
160454
160507
160676
160702
160742
160757
160788
160850
161188
161272
161297
161299
161338
161343
161346
161490
161641
161652
161812
161832
161853
161869
161998
162002
162046
162113
162135
162295
162370
162402
162459
162599
162664
162721
162731
162762
162798
162866
162873
162990
163011
163028
163108
163127
163133
163166
163230
163471
163533
163544
163547
163628
163673
163693
163784
163909
163929
164015
164029
164145
164208
164251
164272
164371
164397
164468
164485
164617
164652
164718
164744
164849
164938
164997
165068
165161
165279
165287
165318
165408
165414
165441
165462
165466
165568
165571
165654
165718
165730
165888
165895
166017
166038
166086
166088
166103
166126
166276
166297
166320
166325
166498
166559
166567
166622
166705
166722
166729
166748
166764
166765
166782
166798
166892
166908
166960
167093
167153
167161
167240
167348
167474
167503
167542
167559
167579
167600
167604
167735
167801
167805
167815
167895
167916
167923
167926
167933
167938
168022
168178
168196
168322
168352
168366
168368
168400
168404
168410
168421
168469
168480
168504
168511
168512
168515
168545
168612
168642
168643
168647
168688
168773
168786
168799
168878
168879
168884
168959
168982
169193
169228
169265
169265
169300
169355
169366
169374
169429
169480
169482
169493
169495
169502
169503
169511
169650
169675
169785
169822
169834
169838
169849
169855
169868
169888
169897
169903
169905
169914
169944
170029
170058
170080
170130
170131
170139
170168
170168
170181
170201
170241
170251
170289
170301
170306
170416
170441
170461
170497
170498
170529
170540
170565
170669
170683
170729
170807
170810
170832
170835
170848
170864
170872
170891
170947
170991
171006
171022
171054
171179
171179
171187
171192
171264
171295
171368
171446
171475
171503
171538
171551
171554
171608
171632
171635
171641
171666
171669
171683
171696
171716
171786
171839
171864
171925
171965
172102
172105
172121
172156
172228
172291
172368
172459
172474
172507
172536
172540
172551
172598
172756
172769
172779
172821
172829
172851
172859
172880
172887
172942
172973
172999
173007
173049
173070
173078
173110
173129
173171
173175
173175
173218
173218
173227
173267
173267
173283
173324
173391
173423
173438
173440
173445
173479
173500
173506
173528
173530
173553
173607
173607
173608
173661
173674
173674
173744
173771
173793
173883
173900
173901
173938
173987
174010
174019
174053
174080
174095
174133
174163
174170
174176
174209
174220
174248
174267
174303
174312
174313
174336
174392
174395
174427
174435
174450
174466
174501
174567
174576
174624
174642
174645
174653
174713
174723
174724
174725
174744
174758
174783
174801
174817
174826
174831
174935
174978
175005
175078
175109
175138
175178
175228
175238
175256
175273
175296
175313
175331
175405
175408
175413
175503
175519
175608
175644
175650
175655
175705
175740
175774
175790
175832
175833
175847
175895
175914
175925
175928
176020
176022
176038
176041
176078
176086
176159
176229
176232
176275
176278
176370
176404
176411
176419
176447
176451
176493
176494
176494
176510
176533
176550
176629
176633
176655
176699
176709
176735
176737
176762
176778
176795
176802
176818
176854
176882
176896
176953
176953
176979
177008
177018
177045
177058
177071
177093
177098
177115
177167
177182
177235
177254
177271
177300
177365
177370
177398
177439
177439
177453
177496
177551
177552
177559
177581
177599
177600
177626
177635
177676
177702
177714
177803
177813
177818
177831
177898
177929
177960
178064
178174
178180
178212
178228
178292
178322
178342
178346
178347
178390
178402
178450
178450
178497
178497
178602
178670
178772
178775
178783
178785
178803
178821
178910
178918
178924
178991
179012
179021
179060
179068
179089
179111
179112
179130
179173
179219
179225
179247
179284
179358
179384
179386
179390
179418
179437
179453
179472
179529
179556
179581
179608
179654
179662
179665
179678
179723
179803
179804
179864
179886
179943
179983
180001
180010
180093
180097
180128
180142
180213
180226
180280
180293
180324
180346
180402
180415
180432
180507
180511
180515
180521
180567
180568
180581
180686
180736
180767
180774
180800
180838
180851
180869
180905
180956
180976
180986
180997
181084
181086
181122
181138
181142
181155
181188
181224
181227
181252
181278
181311
181361
181397
181520
181531
181555
181603
181608
181626
181629
181673
181677
181683
181734
181743
181753
181858
181872
181873
181894
182002
182006
182115
182124
182151
182174
182211
182215
182239
182262
182287
182343
182354
182529
182570
182574
182583
182603
182614
182661
182700
182720
182754
182766
182795
182814
182856
182869
182884
182889
182899
182927
182990
182993
183033
183042
183083
183103
183146
183155
183205
183235
183281
183284
183379
183379
183396
183426
183441
183451
183461
183529
183599
183615
183702
183708
183708
183731
183740
183740
183758
183773
183773
183829
183837
183946
183954
183972
183976
183994
183998
184006
184013
184070
184085
184096
184142
184156
184181
184211
184233
184240
184264
184299
184318
184326
184340
184367
184372
184380
184397
184530
184536
184548
184559
184568
184573
184649
184694
184753
184766
184791
184792
184805
184833
184834
184857
184892
184897
184908
184925
184930
184937
185035
185064
185111
185262
185262
185287
185309
185315
185329
185364
185396
185397
185413
185414
185468
185472
185473
185474
185529
185568
185697
185735
185818
185820
185869
185877
185895
185903
185906
185928
185976
185987
185989
185990
186031
186036
186085
186149
186166
186169
186194
186223
186227
186254
186288
186290
186296
186301
186306
186312
186327
186478
186484
186507
186548
186690
186714
186728
186802
186821
186882
186902
186915
186966
186977
187000
187010
187019
187023
187037
187098
187101
187104
187130
187165
187167
187202
187214
187322
187341
187344
187349
187376
187397
187401
187405
187414
187421
187478
187479
187490
187498
187513
187553
187566
187583
187606
187620
187666
187709
187754
187789
187794
187850
187890
187902
187902
187917
187921
187943
188026
188068
188132
188148
188186
188215
188251
188259
188335
188375
188386
188406
188471
188481
188488
188489
188501
188573
188622
188654
188682
188704
188730
188761
188797
188830
188917
189007
189081
189110
189174
189231
189295
189317
189370
189381
189388
189401
189418
189419
189420
189440
189491
189501
189532
189542
189558
189562
189587
189594
189641
189650
189663
189666
189682
189697
189738
189786
189818
189849
189883
189961
189968
190018
190035
190046
190056
190065
190093
190152
190157
190171
190187
190220
190356
190373
190399
190459
190477
190492
190523
190603
190616
190625
190668
190669
190683
190732
190782
190782
190840
190849
190876
190881
190916
190955
191028
191085
191140
191149
191159
191161
191196
191197
191206
191230
191235
191249
191279
191321
191367
191393
191399
191401
191467
191506
191511
191539
191575
191642
191694
191769
191770
191786
191825
191866
191908
191956
191992
191993
192001
192009
192062
192074
192081
192082
192099
192110
192117
192133
192143
192173
192175
192179
192186
192199
192270
192274
192337
192379
192399
192436
192436
192452
192456
192505
192508
192542
192743
192824
192880
192908
192909
192933
192965
193007
193043
193049
193153
193192
193192
193195
193208
193258
193268
193276
193278
193292
193300
193333
193366
193468
193489
193501
193566
193598
193623
193661
193679
193709
193778
193847
193868
193882
193915
193920
193996
194044
194086
194158
194179
194192
194238
194274
194279
194374
194377
194422
194467
194485
194489
194500
194510
194514
194516
194521
194522
194541
194566
194596
194629
194638
194668
194747
194757
194850
194852
194854
194891
194980
194990
195004
195046
195095
195105
195115
195168
195175
195263
195272
195382
195388
195402
195422
195474
195478
195558
195570
195596
195627
195656
195666
195691
195701
195712
195756
195770
195864
195978
195979
195985
196011
196027
196089
196089
196205
196269
196311
196319
196322
196329
196336
196356
196397
196431
196439
196453
196457
196471
196472
196540
196569
196584
196646
196737
196737
196771
196774
196776
196789
196807
196816
196944
197020
197049
197079
197120
197132
197236
197238
197321
197323
197351
197353
197407
197454
197475
197522
197558
197583
197687
197692
197738
197768
197772
197821
197836
197847
197917
197978
198077
198098
198128
198199
198199
198204
198276
198292
198319
198334
198345
198386
198447
198460
198485
198545
198570
198623
198697
198701
198828
198836
198838
198863
199044
199049
199067
199114
199175
199208
199224
199228
199278
199304
199360
199362
199391
199432
199453
199456
199531
199571
199596
199684
199775
199856
199929
199940
200003
200022
200025
200056
200067
200101
200138
200214
200217
200295
200295
200345
200359
200461
200472
200527
200591
200591
200625
200715
200760
200880
200935
200952
200983
201001
201064
201075
201116
201191
201216
201221
201225
201233
201285
201340
201350
201392
201421
201487
201560
201648
201668
201683
201689
201704
201713
201781
201785
201791
201803
201897
202162
202171
202194
202195
202201
202256
202315
202365
202448
202451
202461
202549
202565
202607
202618
202710
202750
202872
202949
203098
203174
203261
203262
203308
203332
203361
203407
203493
203548
203567
203572
203584
203615
203653
203685
203729
203760
203796
203849
203868
203880
203929
204092
204246
204275
204280
204364
204446
204466
204509
204572
204588
204754
204809
204849
204906
204955
205050
205127
205189
205206
205242
205278
205347
205353
205384
205398
205451
205465
205485
205559
205581
205636
205666
205681
205788
205860
205883
205921
205989
206014
206119
206133
206299
206352
206388
206434
206531
206557
206623
206639
206750
206757
207004
207028
207105
207274
207518
207761
207875
207905
207935
208079
208345
208372
208405
208444
208486
208507
208550
208576
208707
208790
208802
208919
208937
208982
209026
209063
209222
209344
209406
209656
209758
209844
209881
209899
209962
209963
209970
210011
210073
210080
210190
210339
210358
210388
210401
210702
210754
210902
210913
211016
211182
211293
211513
211724
211758
211811
211881
212101
212332
212572
212618
212835
212871
212975
213059
213176
213216
213220
213287
213471
213486
213502
213536
213635
213807
213817
213869
213887
214016
214174
214348
214432
214438
214455
214620
214688
214702
214779
214804
214952
214977
215037
215139
215146
215178
215419
215913
216223
216302
216495
216733
216803
216866
216901
216978
217142
217217
217412
217545
217730
217740
217866
217919
217920
218222
218399
219242
219655
219778
219837
219932
219995
220123
220483
220492
220529
220546
221456
221683
221734
221919
221980
222153
222201
222678
223048
223246
223342
223906
224436
224567
224588
224843
225371
225414
225489
226045
226395
226628
226700
226909
227146
227888
228405
229738
229895
230235
230956
231025
231534
231671
232252
233859
234562
237193
240689
