61902
65438
67160
67839
68223
68712
68864
69223
69251
70045
70167
70303
70455
70496
70883
71676
71678
71833
72118
72209
72209
72446
72477
72582
72816
72989
73102
73174
73226
73321
73368
73425
73493
73948
74127
74277
74445
74560
74627
74828
74952
74953
75008
75116
75169
75170
75237
75406
75466
75522
75592
75615
75818
75946
75983
76007
76022
76103
76199
76274
76420
76645
76673
76776
76889
76930
77019
77126
77212
77348
77350
77420
77524
77572
77574
77653
77699
77729
77736
77770
77824
77843
77930
78065
78260
78296
78320
78388
78634
78704
78720
78720
78733
78735
78832
78980
79035
79052
79131
79147
79162
79162
79178
79312
79312
79420
79479
79499
79637
79652
79711
79729
79800
79864
79934
79960
79973
79992
80008
80012
80033
80079
80094
80119
80140
80182
80192
80361
80388
80389
80413
80529
80545
80596
80626
80718
80848
80873
80894
80916
80974
81012
81023
81032
81036
81269
81355
81396
81483
81543
81559
81560
81586
81589
81630
81648
81722
81813
81821
81915
81987
82000
82080
82106
82117
82137
82171
82218
82296
82318
82322
82348
82381
82407
82432
82434
82484
82521
82578
82595
82624
82668
82699
82791
82808
82833
82851
82854
82865
82871
82872
82882
82958
82958
83012
83102
83130
83147
83148
83159
83210
83298
83323
83328
83338
83408
83413
83471
83486
83518
83522
83528
83557
83571
83586
83603
83679
83690
83713
83740
83751
83792
83807
83812
83850
83873
83874
83876
83894
83902
83935
83955
84114
84149
84263
84281
84285
84319
84334
84362
84365
84377
84408
84430
84488
84512
84642
84680
84752
84763
84764
84787
84791
84900
84905
84911
84925
84973
85025
85060
85108
85109
85110
85135
85136
85142
85145
85153
85180
85183
85207
85231
85254
85292
85327
85378
85395
85488
85524
85558
85566
85575
85589
85617
85655
85676
85678
85739
85776
85819
85825
85837
85858
85934
85975
85997
86068
86104
86132
86153
86179
86179
86186
86247
86261
86277
86281
86384
86404
86422
86430
86471
86477
86497
86579
86611
86627
86647
86687
86695
86699
86776
86779
86813
86816
86820
86842
86893
86946
86986
87075
87132
87132
87148
87169
87178
87194
87203
87226
87235
87242
87261
87282
87308
87349
87452
87504
87509
87530
87550
87566
87615
87626
87628
87640
87663
87685
87717
87730
87751
87755
87759
87783
87783
87790
87809
87811
87880
87968
88041
88087
88090
88092
88093
88094
88124
88128
88193
88209
88298
88437
88469
88501
88513
88524
88591
88594
88608
88625
88653
88659
88676
88681
88693
88734
88791
88795
88796
88806
88850
88881
89002
89039
89081
89085
89086
89091
89093
89159
89198
89202
89213
89226
89238
89282
89295
89301
89302
89326
89327
89367
89375
89398
89402
89446
89455
89462
89462
89464
89553
89560
89582
89618
89623
89681
89706
89719
89724
89732
89761
89782
89783
89790
89808
89811
89814
89814
89841
89852
89855
89860
89881
89885
89911
89914
89965
89996
90013
90029
90037
90041
90095
90101
90160
90191
90204
90209
90224
90250
90265
90276
90318
90325
90326
90354
90371
90392
90398
90403
90407
90412
90422
90450
90463
90468
90471
90472
90487
90511
90513
90520
90533
90589
90590
90617
90624
90637
90644
90659
90677
90682
90693
90702
90710
90719
90719
90739
90758
90810
90821
90826
90826
90854
90856
90894
90937
90951
90953
90958
90989
90990
91017
91028
91059
91065
91079
91082
91103
91116
91120
91147
91156
91166
91170
91242
91252
91256
91279
91281
91299
91334
91354
91373
91374
91391
91393
91400
91410
91418
91418
91436
91440
91469
91479
91489
91508
91512
91519
91571
91587
91609
91610
91615
91630
91641
91654
91669
91686
91692
91695
91698
91727
91814
91835
91847
91847
91877
91881
91889
91895
91909
91915
91925
91952
91959
91959
91972
91972
91975
92015
92031
92057
92062
92070
92098
92147
92159
92172
92206
92220
92226
92232
92265
92277
92282
92291
92298
92299
92354
92360
92363
92384
92387
92421
92434
92434
92444
92467
92476
92500
92502
92509
92515
92535
92547
92549
92572
92576
92581
92599
92604
92624
92626
92634
92634
92642
92659
92666
92671
92678
92703
92704
92710
92711
92712
92712
92716
92735
92751
92796
92822
92861
92877
92879
92915
92922
92943
92951
92961
92985
92990
92994
93046
93056
93058
93080
93120
93141
93150
93150
93164
93181
93185
93200
93204
93267
93281
93285
93289
93296
93306
93322
93368
93393
93398
93399
93401
93411
93427
93444
93485
93500
93501
93529
93538
93555
93555
93569
93579
93589
93611
93613
93621
93659
93667
93673
93701
93765
93767
93788
93791
93791
93801
93829
93858
93873
93899
93948
93953
93972
93973
94030
94055
94069
94072
94080
94086
94108
94114
94131
94139
94153
94212
94229
94230
94240
94246
94256
94274
94279
94283
94285
94287
94295
94314
94334
94336
94341
94362
94378
94382
94398
94416
94420
94422
94430
94442
94473
94502
94502
94517
94524
94542
94545
94557
94561
94562
94575
94578
94604
94620
94622
94659
94661
94662
94672
94682
94695
94715
94736
94749
94758
94767
94776
94789
94789
94800
94801
94805
94818
94836
94876
94877
94904
94913
94926
94945
94957
94978
94980
94983
94986
94987
95033
95043
95049
95057
95069
95085
95111
95115
95122
95137
95137
95162
95166
95169
95189
95192
95205
95226
95226
95227
95229
95230
95264
95270
95272
95285
95327
95361
95364
95394
95401
95419
95423
95443
95482
95512
95535
95553
95591
95591
95600
95615
95619
95651
95667
95688
95699
95702
95753
95759
95767
95807
95855
95882
95887
95889
95894
95926
95941
95959
95990
96001
96011
96013
96020
96056
96100
96103
96128
96133
96145
96152
96155
96157
96163
96171
96184
96221
96240
96242
96243
96269
96288
96304
96315
96419
96439
96447
96447
96448
96460
96460
96465
96480
96501
96508
96525
96530
96557
96566
96582
96592
96617
96629
96660
96662
96667
96686
96687
96704
96713
96726
96726
96737
96755
96809
96817
96829
96837
96850
96866
96868
96870
96892
96901
96906
96907
96914
96916
96926
96938
96939
96940
96960
96972
96979
97002
97051
97071
97077
97082
97086
97099
97112
97115
97121
97131
97147
97165
97177
97196
97209
97210
97218
97237
97251
97253
97254
97338
97346
97377
97413
97415
97418
97419
97438
97441
97442
97472
97488
97490
97543
97566
97567
97568
97584
97588
97623
97672
97695
97710
97719
97722
97724
97738
97758
97779
97785
97786
97787
97824
97828
97830
97835
97837
97844
97850
97873
97876
97877
97891
97892
97902
97904
97904
97914
97926
97961
97976
97976
97978
98010
98013
98025
98066
98067
98084
98106
98107
98107
98111
98113
98125
98148
98156
98168
98183
98188
98189
98226
98238
98244
98251
98267
98271
98307
98327
98334
98346
98352
98370
98373
98374
98395
98397
98409
98419
98422
98423
98474
98511
98555
98559
98564
98574
98574
98590
98611
98615
98649
98652
98658
98659
98663
98669
98669
98675
98683
98689
98722
98722
98745
98752
98759
98767
98790
98800
98805
98809
98809
98814
98821
98833
98850
98855
98869
98886
98888
98892
98901
98905
98908
98909
98918
98923
98925
98929
98952
98956
98957
98960
98970
98984
98997
99000
99003
99004
99021
99031
99046
99055
99065
99065
99067
99069
99112
99124
99153
99154
99163
99163
99193
99197
99224
99261
99281
99284
99291
99311
99344
99358
99361
99373
99379
99404
99406
99422
99433
99453
99458
99474
99482
99486
99486
99493
99495
99511
99516
99550
99557
99568
99580
99587
99648
99659
99659
99665
99674
99684
99685
99687
99692
99697
99702
99703
99715
99716
99727
99750
99754
99758
99768
99784
99793
99826
99832
99834
99836
99843
99864
99890
99902
99910
99927
99933
99950
99958
99967
99971
99972
99976
99986
99987
99988
100014
100026
100033
100050
100071
100073
100108
100114
100115
100125
100145
100149
100155
100160
100169
100170
100177
100178
100184
100195
100196
100197
100204
100204
100205
100216
100221
100226
100239
100242
100243
100251
100274
100284
100293
100306
100320
100323
100325
100336
100347
100383
100384
100409
100413
100415
100431
100436
100467
100471
100473
100477
100493
100495
100515
100517
100524
100525
100551
100551
100557
100565
100568
100579
100581
100601
100608
100611
100638
100646
100660
100665
100679
100691
100704
100709
100725
100752
100755
100770
100810
100817
100827
100839
100850
100862
100866
100874
100912
100924
100929
100931
100934
100943
100946
100953
100954
100963
100967
100997
100999
101002
101039
101092
101096
101113
101118
101137
101146
101151
101158
101165
101168
101186
101194
101228
101229
101232
101238
101251
101258
101263
101268
101271
101273
101275
101278
101278
101285
101292
101298
101311
101312
101313
101314
101317
101329
101331
101333
101350
101353
101356
101359
101370
101390
101413
101422
101425
101426
101437
101445
101465
101467
101471
101473
101476
101480
101482
101489
101493
101516
101532
101558
101571
101582
101624
101644
101646
101678
101681
101700
101704
101725
101732
101754
101775
101775
101782
101797
101802
101812
101815
101824
101824
101836
101839
101843
101846
101854
101854
101857
101869
101886
101904
101916
101926
101929
101942
101949
101950
101953
101955
101961
101977
101985
101988
101999
102000
102002
102013
102018
102026
102034
102038
102042
102044
102059
102062
102063
102064
102082
102082
102098
102101
102104
102119
102137
102137
102138
102140
102160
102164
102215
102218
102220
102240
102244
102251
102266
102266
102277
102301
102312
102347
102347
102348
102351
102355
102374
102374
102380
102384
102385
102389
102393
102415
102420
102424
102447
102452
102499
102526
102537
102553
102554
102570
102580
102581
102590
102592
102596
102602
102611
102618
102619
102630
102631
102633
102641
102678
102678
102681
102695
102698
102700
102719
102735
102735
102736
102740
102755
102762
102779
102794
102825
102844
102851
102859
102868
102877
102879
102900
102910
102927
102932
102932
102939
102953
102965
102966
102980
102985
102989
102997
103002
103012
103022
103031
103057
103060
103068
103071
103085
103095
103108
103141
103143
103148
103149
103154
103165
103191
103200
103214
103221
103246
103247
103267
103268
103285
103293
103305
103307
103307
103321
103321
103328
103330
103333
103333
103334
103342
103356
103357
103359
103371
103386
103388
103403
103408
103414
103424
103442
103450
103450
103458
103470
103479
103508
103529
103532
103535
103545
103549
103553
103566
103572
103578
103615
103616
103630
103633
103638
103638
103643
103650
103650
103661
103672
103689
103714
103717
103739
103740
103761
103764
103794
103799
103801
103804
103815
103852
103865
103867
103877
103885
103887
103888
103889
103891
103911
103912
103913
103922
103942
103952
103953
103955
103961
103964
103964
103971
103974
103981
103982
103988
103994
103994
104001
104002
104016
104030
104034
104036
104042
104044
104049
104052
104054
104057
104059
104064
104075
104080
104084
104119
104135
104148
104159
104161
104187
104200
104210
104216
104222
104227
104230
104234
104259
104281
104285
104341
104363
104364
104366
104386
104438
104440
104450
104455
104455
104457
104470
104482
104496
104520
104523
104528
104536
104555
104560
104562
104569
104578
104580
104600
104600
104611
104636
104642
104647
104665
104668
104673
104688
104692
104704
104721
104756
104769
104784
104793
104794
104800
104820
104833
104843
104859
104865
104880
104905
104918
104923
104937
104941
104951
104960
104967
104975
104975
104990
105012
105031
105036
105039
105051
105064
105070
105073
105079
105101
105102
105125
105129
105137
105150
105171
105171
105182
105208
105214
105218
105238
105243
105251
105280
105288
105291
105293
105297
105306
105324
105325
105340
105348
105351
105365
105379
105397
105399
105405
105419
105428
105432
105441
105442
105454
105458
105463
105467
105470
105473
105491
105517
105523
105535
105537
105543
105544
105547
105556
105595
105599
105610
105615
105624
105636
105657
105687
105687
105693
105701
105712
105714
105721
105728
105734
105776
105785
105798
105802
105833
105839
105843
105846
105847
105871
105881
105886
105905
105920
105926
105947
105967
105980
105980
106015
106021
106040
106050
106053
106072
106079
106082
106099
106107
106113
106116
106121
106136
106140
106162
106166
106178
106178
106179
106183
106186
106188
106195
106200
106213
106213
106246
106249
106251
106253
106254
106260
106261
106278
106281
106289
106298
106308
106313
106326
106341
106355
106365
106376
106386
106389
106393
106394
106404
106406
106408
106436
106445
106447
106449
106452
106452
106462
106464
106466
106477
106488
106493
106499
106506
106516
106535
106545
106546
106547
106553
106557
106561
106563
106586
106587
106587
106595
106602
106609
106628
106636
106640
106654
106655
106661
106665
106682
106687
106705
106713
106719
106720
106728
106728
106732
106734
106737
106751
106778
106797
106819
106833
106833
106834
106839
106840
106842
106854
106857
106863
106863
106898
106899
106906
106908
106922
106926
106937
106940
106940
106941
106955
106969
106969
106980
106981
106992
107021
107024
107028
107032
107038
107041
107045
107048
107052
107059
107062
107077
107077
107088
107110
107131
107144
107148
107168
107179
107191
107193
107196
107196
107197
107200
107202
107215
107249
107269
107275
107277
107289
107292
107293
107294
107297
107350
107353
107353
107356
107378
107397
107405
107447
107454
107455
107482
107493
107496
107497
107521
107522
107539
107541
107544
107547
107559
107584
107594
107608
107638
107652
107659
107669
107674
107702
107735
107765
107777
107797
107802
107822
107833
107834
107849
107850
107875
107918
107923
107925
107935
107939
107949
107952
107959
107966
107989
107991
107998
107998
108007
108026
108030
108038
108043
108046
108062
108079
108083
108086
108091
108101
108103
108103
108110
108116
108132
108137
108141
108143
108146
108149
108154
108155
108166
108195
108195
108197
108208
108216
108229
108237
108238
108240
108251
108252
108255
108271
108284
108317
108335
108358
108369
108380
108384
108425
108431
108437
108444
108468
108474
108494
108495
108505
108513
108519
108521
108523
108538
108541
108541
108544
108546
108547
108549
108552
108564
108564
108572
108581
108617
108625
108629
108677
108679
108707
108710
108710
108720
108736
108747
108767
108790
108796
108809
108816
108818
108820
108841
108843
108862
108864
108867
108869
108872
108872
108876
108885
108915
108919
108924
108926
108937
108999
109007
109007
109016
109047
109050
109050
109052
109054
109065
109078
109084
109101
109102
109130
109147
109152
109153
109170
109170
109176
109183
109193
109195
109199
109199
109201
109202
109204
109214
109222
109225
109232
109238
109248
109249
109254
109271
109291
109302
109309
109322
109341
109346
109347
109348
109385
109398
109436
109438
109443
109446
109452
109486
109486
109490
109495
109508
109524
109524
109526
109528
109539
109551
109561
109563
109571
109573
109577
109585
109590
109593
109595
109602
109606
109638
109646
109648
109719
109745
109756
109758
109765
109786
109789
109808
109827
109829
109833
109834
109843
109843
109851
109854
109855
109858
109859
109872
109885
109910
109915
109918
109918
109927
109942
109973
109984
109995
110010
110018
110053
110092
110107
110111
110118
110120
110123
110146
110147
110149
110154
110164
110172
110177
110185
110205
110210
110235
110237
110268
110273
110306
110355
110362
110363
110364
110368
110390
110393
110396
110408
110410
110411
110413
110414
110415
110430
110432
110453
110454
110456
110478
110484
110503
110512
110523
110526
110533
110534
110535
110539
110539
110543
110555
110567
110575
110577
110588
110604
110617
110618
110669
110672
110680
110686
110690
110716
110730
110731
110742
110748
110772
110774
110779
110806
110813
110818
110830
110831
110833
110837
110843
110844
110850
110854
110859
110860
110879
110891
110928
110938
110940
110942
110954
110958
110962
110976
110992
110997
111016
111022
111025
111025
111026
111033
111048
111067
111074
111089
111094
111097
111109
111114
111145
111146
111146
111155
111166
111174
111190
111190
111193
111204
111205
111221
111224
111227
111234
111240
111252
111259
111262
111268
111281
111293
111300
111306
111309
111309
111311
111311
111321
111330
111332
111338
111357
111386
111391
111395
111397
111398
111419
111432
111444
111458
111458
111470
111473
111506
111511
111531
111545
111551
111562
111574
111574
111591
111598
111599
111600
111606
111613
111618
111625
111633
111638
111655
111655
111673
111712
111728
111735
111738
111742
111743
111761
111772
111779
111805
111810
111816
111829
111836
111866
111870
111881
111889
111903
111903
111906
111908
111918
111920
111924
111939
111954
111975
111988
111989
112012
112027
112035
112043
112044
112045
112050
112055
112059
112067
112067
112083
112111
112122
112146
112147
112157
112218
112252
112283
112289
112292
112305
112315
112347
112350
112355
112355
112376
112378
112379
112380
112388
112393
112408
112411
112412
112428
112428
112441
112454
112465
112466
112475
112476
112480
112502
112525
112527
112530
112530
112536
112550
112554
112557
112560
112573
112574
112603
112624
112635
112663
112665
112675
112683
112684
112716
112754
112758
112760
112767
112800
112807
112811
112843
112847
112856
112857
112860
112871
112872
112884
112888
112896
112904
112920
112926
112929
112933
112952
112957
112965
112982
112998
113020
113029
113050
113076
113091
113116
113120
113124
113146
113150
113169
113171
113188
113189
113218
113227
113231
113249
113253
113257
113268
113275
113282
113283
113299
113304
113307
113312
113337
113360
113364
113365
113385
113386
113406
113419
113419
113431
113434
113435
113440
113478
113487
113488
113494
113496
113507
113510
113521
113554
113557
113588
113602
113605
113607
113611
113626
113651
113655
113665
113675
113689
113692
113699
113702
113724
113759
113781
113785
113794
113806
113809
113818
113821
113823
113834
113839
113854
113867
113867
113869
113879
113883
113907
113915
113932
113941
113942
113946
113957
113963
113964
113984
114004
114004
114033
114041
114065
114065
114080
114088
114096
114099
114106
114121
114137
114138
114144
114153
114157
114197
114224
114232
114259
114260
114268
114270
114274
114277
114281
114291
114292
114308
114309
114312
114349
114368
114373
114376
114391
114399
114413
114419
114427
114437
114438
114473
114485
114490
114495
114536
114547
114550
114574
114597
114598
114607
114609
114646
114649
114652
114654
114667
114668
114672
114681
114683
114692
114694
114696
114700
114711
114716
114744
114764
114776
114780
114786
114796
114808
114810
114838
114840
114849
114850
114858
114861
114864
114865
114866
114870
114870
114872
114878
114907
114909
114920
114930
114947
114983
114990
114997
114997
115001
115013
115023
115029
115030
115035
115037
115055
115057
115061
115064
115071
115079
115095
115101
115105
115105
115108
115111
115137
115148
115150
115163
115188
115197
115204
115204
115207
115238
115242
115244
115248
115253
115258
115278
115296
115299
115299
115300
115304
115304
115315
115348
115351
115359
115376
115383
115384
115390
115391
115398
115405
115405
115409
115410
115419
115420
115421
115428
115434
115447
115448
115454
115485
115487
115506
115525
115529
115529
115532
115534
115540
115541
115548
115550
115558
115575
115580
115582
115590
115614
115621
115637
115641
115641
115656
115658
115658
115660
115666
115672
115672
115682
115689
115706
115717
115737
115737
115739
115742
115762
115805
115812
115819
115820
115829
115833
115882
115893
115896
115897
115898
115899
115927
115945
115971
115981
115986
115999
116001
116020
116037
116086
116088
116108
116108
116120
116123
116133
116135
116139
116146
116146
116187
116204
116210
116218
116223
116243
116254
116260
116296
116304
116309
116311
116321
116323
116333
116344
116350
116351
116371
116401
116420
116429
116433
116466
116469
116475
116477
116478
116482
116484
116489
116501
116504
116531
116539
116550
116590
116591
116592
116592
116613
116619
116635
116641
116642
116647
116652
116661
116662
116667
116693
116713
116815
116828
116832
116835
116841
116860
116890
116902
116914
116924
116930
116954
116957
116964
116979
116986
116998
117004
117004
117007
117007
117011
117013
117031
117089
117093
117099
117108
117111
117138
117138
117188
117199
117202
117203
117208
117225
117231
117264
117267
117269
117282
117313
117331
117359
117433
117502
117515
117515
117516
117524
117530
117533
117556
117571
117600
117607
117612
117616
117620
117620
117635
117638
117653
117703
117704
117716
117753
117804
117814
117817
117828
117829
117833
117841
117855
117859
117861
117865
117865
117877
117887
117889
117914
117933
117978
117979
118007
118019
118023
118023
118061
118097
118111
118126
118138
118152
118152
118157
118170
118193
118202
118211
118271
118274
118277
118290
118320
118340
118349
118350
118355
118356
118372
118397
118416
118439
118441
118469
118478
118506
118562
118580
118593
118612
118613
118617
118618
118619
118622
118626
118628
118664
118680
118695
118705
118709
118726
118729
118748
118754
118768
118775
118775
118790
118792
118792
118793
118795
118802
118816
118830
118830
118846
118865
118875
118875
118876
118895
118912
118923
118924
118930
118935
118965
118972
118989
119015
119033
119072
119081
119088
119091
119094
119125
119157
119172
119176
119206
119212
119215
119232
119237
119238
119238
119243
119248
119274
119301
119309
119312
119376
119411
119418
119437
119448
119478
119480
119492
119530
119531
119555
119576
119584
119603
119607
119609
119611
119613
119618
119627
119663
119672
119689
119690
119695
119696
119701
119776
119788
119790
119818
119834
119837
119840
119843
119868
119882
119886
119917
119932
119963
119966
120001
120013
120025
120035
120055
120077
120079
120091
120094
120107
120135
120152
120154
120160
120161
120166
120166
120181
120202
120213
120224
120233
120241
120244
120271
120281
120306
120308
120312
120331
120347
120356
120380
120381
120427
120430
120431
120447
120455
120473
120485
120487
120505
120508
120527
120532
120558
120568
120575
120575
120578
120604
120613
120633
120636
120642
120646
120648
120651
120653
120661
120663
120680
120690
120699
120703
120737
120748
120757
120761
120779
120787
120796
120809
120850
120851
120857
120860
120862
120922
120925
120927
120935
120935
120941
120967
120988
120997
121002
121009
121011
121035
121055
121078
121091
121100
121122
121134
121134
121135
121180
121211
121214
121240
121280
121320
121368
121403
121411
121419
121423
121431
121432
121458
121464
121496
121506
121509
121518
121539
121549
121563
121580
121597
121630
121645
121675
121684
121732
121735
121765
121802
121826
121832
121837
121856
121890
121913
121924
121928
121963
121969
121973
121975
121986
121988
122029
122059
122069
122089
122112
122122
122131
122141
122151
122161
122162
122192
122210
122216
122259
122296
122302
122353
122355
122396
122410
122452
122462
122469
122472
122485
122493
122493
122494
122502
122519
122536
122539
122553
122557
122580
122585
122586
122588
122612
122656
122664
122668
122672
122714
122721
122738
122805
122805
122809
122852
122873
122902
122910
122927
122929
122950
122955
122964
122985
122993
123038
123058
123062
123109
123127
123131
123140
123176
123188
123225
123233
123249
123262
123265
123278
123291
123295
123297
123311
123327
123340
123346
123375
123426
123435
123438
123467
123467
123470
123491
123500
123506
123512
123520
123541
123559
123601
123606
123625
123635
123656
123676
123698
123718
123724
123727
123747
123748
123774
123786
123794
123831
123840
123854
123873
123912
123918
123922
123928
123944
123949
123957
123964
123968
124012
124012
124016
124031
124073
124075
124076
124103
124109
124136
124158
124165
124181
124187
124187
124192
124213
124221
124232
124282
124291
124303
124306
124356
124358
124394
124408
124408
124426
124450
124459
124462
124470
124472
124480
124487
124489
124495
124504
124506
124523
124533
124551
124554
124560
124583
124591
124607
124623
124624
124770
124777
124778
124788
124788
124865
124867
124878
124885
124916
124938
124955
125023
125025
125034
125060
125114
125150
125163
125171
125177
125194
125231
125271
125273
125288
125293
125299
125329
125341
125381
125382
125393
125412
125439
125447
125449
125451
125470
125484
125489
125531
125541
125548
125550
125560
125567
125582
125587
125615
125641
125654
125665
125688
125710
125755
125763
125774
125796
125833
125868
125911
125914
125919
125982
126043
126077
126078
126152
126213
126216
126227
126256
126263
126264
126275
126284
126306
126327
126360
126365
126377
126395
126416
126457
126467
126472
126475
126507
126556
126582
126599
126656
126663
126670
126698
126704
126727
126769
126803
126832
126846
126862
126881
126887
126906
126943
126956
126959
126966
126972
126987
127026
127068
127112
127129
127136
127141
127146
127155
127189
127205
127209
127221
127230
127241
127243
127325
127328
127336
127352
127386
127390
127423
127432
127459
127474
127486
127510
127553
127572
127659
127728
127786
127812
127816
127833
127843
127848
127918
127920
127936
127937
127951
127962
127980
127993
128019
128023
128031
128038
128052
128059
128077
128169
128184
128194
128235
128300
128395
128418
128440
128456
128462
128482
128486
128493
128512
128540
128541
128556
128559
128577
128608
128655
128656
128663
128676
128754
128780
128831
128845
128866
128884
128901
128937
128943
129017
129029
129032
129033
129074
129077
129078
129150
129170
129228
129277
129303
129366
129377
129391
129414
129466
129487
129488
129495
129498
129537
129567
129570
129581
129600
129624
129654
129657
129703
129704
129719
129721
129769
129787
129791
129925
129990
130000
130023
130088
130125
130161
130261
130277
130305
130305
130310
130331
130372
130376
130377
130399
130407
130501
130512
130529
130536
130539
130547
130592
130598
130631
130741
130799
130828
130832
130859
130880
130963
130980
130993
131016
131025
131067
131082
131106
131139
131153
131166
131178
131222
131291
131317
131318
131333
131354
131376
131407
131413
131416
131434
131455
131567
131599
131614
131622
131716
131797
131797
131810
131818
131819
131854
131856
131861
131863
131924
131927
131951
131962
131993
132010
132026
132031
132045
132098
132113
132118
132151
132164
132210
132235
132245
132326
132346
132411
132430
132440
132508
132511
132517
132528
132541
132555
132673
132674
132690
132726
132766
132820
132823
132853
132878
132889
132906
132916
132939
132949
132980
133054
133063
133108
133163
133188
133214
133269
133291
133338
133374
133418
133426
133523
133537
133598
133632
133872
133876
134048
134050
134073
134090
134111
134166
134220
134226
134278
134318
134354
134364
134416
134445
134495
134520
134591
134593
134619
134662
134748
134787
134832
134879
134889
134979
134984
134996
135095
135202
135249
135328
135417
135419
135436
135512
135513
135599
135635
135662
135690
135786
135826
135888
135910
135935
136067
136088
136112
136130
136143
136270
136276
136313
136315
136321
136325
136342
136426
136428
136439
136526
136666
136742
136746
136860
136939
137008
137041
137104
137116
137184
137203
137231
137256
137259
137286
137425
137481
137574
137622
137778
137805
137807
137869
137879
137953
137962
137989
137996
138028
138050
138075
138164
138178
138247
138311
138315
138490
138662
138773
138832
138881
138959
139024
139085
139195
139201
139215
139270
139273
139289
139368
139369
139421
139462
139538
139571
139589
139590
139643
139838
139838
139871
139900
140039
140045
140071
140167
140188
140251
140323
140383
140432
140556
140581
140923
141054
141146
141165
141185
141370
141403
141460
141461
141632
141763
141810
141861
141883
141898
141926
141949
141970
142142
142257
142282
142469
142505
142601
142787
142927
143248
143334
143448
143452
143610
143619
143883
143937
144053
144137
144242
144474
144572
144595
144926
144961
145013
145242
145244
145257
145449
145450
145621
145629
145929
146142
146152
146220
146431
146479
146494
146558
146770
146881
147174
147400
148161
148343
148956
148998
149726
150036
150052
150156
150225
150276
150455
150526
150765
151447
151454
151587
151761
151833
153015
153354
153386
153653
154079
154126
154193
154353
156371
156408
156616
158683
159025
159250
159374
159468
162624
163053
169713
