121669
121993
122221
124181
127301
127901
128695
128954
130482
131158
131871
132422
133045
133417
133478
133844
133899
134192
134404
134550
134848
135015
136641
137608
137608
137641
137751
138235
138332
138414
138425
138606
138720
139456
139533
139712
139714
139942
140100
140192
140401
140845
140867
140929
141062
141198
141220
141947
142582
142994
144026
144514
144539
144698
144852
144940
144969
145162
145516
145562
145747
145949
146027
146044
146130
146170
146243
146384
146422
146469
146854
146961
146966
147002
147169
147207
147382
147390
147734
147747
147789
147807
147871
147943
148003
148063
148199
148275
148301
148386
148521
148590
148639
149007
149083
149198
149213
149335
149498
149739
149920
149981
149993
150032
150188
150217
150719
151019
151091
151129
151318
151355
151373
151633
151652
151697
151763
151767
151928
151986
152007
152018
152020
152021
152083
152177
152294
152339
152481
152531
152554
153001
153055
153236
153307
154052
154103
154541
154593
154644
154742
154839
154891
154951
154975
154978
155004
155007
155080
155097
155106
155507
155669
155766
155854
156158
156414
156601
156652
156986
157043
157140
157195
157213
157326
157474
157545
157602
157742
157778
157850
157935
157961
157983
157986
158127
158248
158553
158629
158665
158667
158852
158986
159098
159149
159221
159298
159409
159485
159563
159629
159834
159839
160003
160068
160277
160328
160588
160600
160611
160812
160977
161020
161046
161301
161491
161590
161619
161730
161741
161830
161835
161959
161972
162124
162214
162292
162320
162350
162644
162654
162678
162745
162889
162936
163240
163394
163510
163519
163615
163623
163776
163798
164053
164125
164128
164256
164361
164577
164617
164722
164867
164874
164916
164982
165446
165469
165531
165965
166221
166252
166258
166531
166570
166724
166963
167115
167193
167344
167424
167434
167519
167582
167888
167897
167901
167991
168040
168106
168383
168491
168492
168631
168717
168901
169193
169299
169349
169488
169522
169572
169654
169742
169929
169955
170106
170198
170392
170522
170576
170599
170862
170890
170895
170910
170971
171262
171275
171521
171596
171701
171796
171947
171972
172108
172183
172189
172245
172260
172322
172358
172471
172579
172647
172812
172983
173039
173051
173058
173097
173247
173282
173288
173483
173494
173571
173657
173698
173698
173749
173792
173879
174011
174184
174257
174307
174445
174660
174857
174950
174952
174984
175055
175078
175289
175424
175535
175582
175788
175841
175990
176132
176214
176496
176497
176571
176572
176616
176620
176790
176875
177055
177400
177410
177456
177457
177493
177494
177781
178051
178095
178240
178417
178622
178638
178687
178735
178768
178817
179089
179164
179248
179337
179492
179527
179653
179663
180116
180145
180257
180564
180652
180706
180921
181001
181104
181226
181234
181293
181587
181640
181692
181951
182194
182246
182500
182562
182721
182824
182992
183152
183342
183378
183418
183472
183645
183674
183682
183692
183869
184031
184070
184076
184319
184485
184511
184564
184656
185184
185571
185997
186677
186766
186773
186902
186988
187440
187628
187898
187988
188060
188230
188295
188359
188515
188669
188942
189599
189673
190054
190143
190397
190444
190623
190633
190666
190715
191051
191202
191426
191466
191644
192094
192637
193208
193272
193595
193655
193850
193919
193929
193944
194077
194989
195028
195612
195719
196013
196037
196113
196712
196891
196906
197145
197340
198182
198336
198798
198836
198884
199196
199258
199279
199284
199306
200209
200574
201005
201545
201626
201910
202092
202365
203255
203671
203809
204008
204802
205207
205684
206173
206651
206861
207583
207852
208222
208926
209579
209695
210166
210290
210663
211198
211902
213024
213193
223143
224224
