44380
45346
48470
50044
50762
52305
52882
53008
53293
53357
53693
53746
53830
54000
54634
55138
55155
55173
55260
55400
55714
55787
56083
56534
57038
57582
58053
58251
58367
58475
58508
58544
58576
58584
58659
59044
59185
59237
59566
59571
59608
59631
59739
59778
59815
59889
59903
59942
60157
60200
60332
60366
60729
60737
60801
60808
60826
60954
61030
61056
61172
61299
61343
61709
61779
61929
62003
62165
62288
62322
62393
62553
62619
62623
62652
62705
62730
62779
62814
62852
62862
62992
63059
63068
63293
63361
63526
63533
63662
63680
63802
63823
63842
63900
63911
64056
64075
64081
64086
64124
64168
64276
64362
64432
64478
64479
64512
64522
64563
64584
64698
64733
64833
64877
64930
64949
64972
65008
65052
65060
65158
65180
65217
65263
65278
65283
65287
65290
65301
65306
65315
65345
65395
65442
65443
65450
65499
65535
65568
65569
65657
65695
65696
65718
65724
65728
65731
65732
65765
65784
65818
65939
65962
65985
66061
66070
66142
66161
66176
66191
66279
66301
66306
66324
66330
66369
66413
66414
66415
66429
66499
66500
66524
66565
66583
66612
66624
66670
66679
66688
66748
66763
66777
66780
66906
66919
66963
66990
66991
67000
67010
67044
67069
67103
67127
67155
67158
67171
67182
67193
67235
67304
67370
67402
67485
67515
67633
67675
67684
67710
67757
67759
67767
67777
67796
67812
67818
67841
67877
67888
67915
67942
67995
68004
68011
68054
68067
68097
68132
68167
68196
68291
68404
68408
68450
68510
68585
68632
68643
68660
68660
68686
68772
68773
68821
68867
68917
69031
69044
69055
69076
69078
69102
69131
69149
69190
69261
69273
69293
69391
69394
69395
69499
69511
69512
69546
69575
69612
69618
69624
69683
69763
69766
69778
69782
69799
69840
69849
69894
69900
69926
69961
69980
69983
70039
70040
70063
70070
70075
70083
70089
70091
70097
70144
70144
70181
70200
70210
70294
70326
70392
70427
70439
70472
70481
70489
70523
70530
70545
70612
70640
70680
70708
70720
70768
70786
70794
70816
70863
70871
70873
70962
70975
71028
71066
71094
71098
71119
71127
71147
71159
71174
71179
71180
71188
71190
71201
71202
71230
71244
71246
71254
71259
71263
71280
71357
71431
71452
71535
71555
71570
71582
71611
71623
71626
71631
71646
71659
71686
71710
71711
71878
71936
72006
72029
72041
72108
72118
72202
72218
72238
72250
72256
72270
72283
72321
72332
72340
72340
72392
72404
72466
72474
72491
72495
72500
72504
72506
72510
72571
72573
72574
72586
72594
72616
72631
72648
72665
72724
72769
72773
72791
72792
72800
72807
72826
72878
72879
72892
72975
72997
73026
73046
73054
73055
73086
73101
73117
73171
73174
73209
73236
73245
73276
73284
73289
73291
73341
73370
73424
73463
73560
73563
73570
73575
73584
73597
73635
73636
73640
73685
73687
73693
73702
73743
73771
73853
73853
73859
73863
73872
73899
73934
73935
73942
73943
73954
73960
73968
73968
73993
73995
74006
74010
74011
74013
74014
74023
74030
74031
74056
74056
74066
74072
74073
74074
74123
74136
74159
74168
74184
74196
74201
74226
74241
74242
74268
74275
74305
74314
74325
74326
74344
74384
74407
74427
74430
74435
74455
74459
74472
74473
74502
74505
74512
74522
74530
74530
74600
74605
74611
74639
74675
74679
74698
74704
74715
74735
74743
74778
74780
74798
74807
74846
74869
74878
74902
74939
74948
75000
75008
75022
75025
75039
75076
75089
75119
75130
75156
75165
75184
75220
75225
75247
75251
75291
75300
75379
75506
75561
75581
75646
75659
75677
75689
75708
75733
75750
75775
75826
75858
75860
75864
75864
75873
75886
75913
75919
75944
75955
75962
75991
76001
76005
76025
76052
76066
76102
76103
76105
76106
76118
76118
76127
76127
76153
76170
76222
76224
76244
76250
76255
76256
76279
76338
76354
76358
76361
76404
76419
76444
76447
76448
76451
76453
76460
76471
76486
76510
76540
76547
76576
76593
76610
76612
76653
76669
76682
76691
76718
76742
76809
76824
76832
76844
76855
76894
76904
76946
76950
76951
76973
76993
76997
76998
76999
77002
77026
77038
77082
77083
77084
77091
77100
77160
77165
77191
77195
77343
77396
77407
77429
77442
77445
77449
77451
77490
77494
77515
77517
77537
77538
77542
77543
77564
77576
77598
77607
77613
77629
77633
77726
77727
77745
77751
77756
77761
77763
77772
77792
77793
77796
77804
77815
77818
77853
77865
77891
77902
77903
77914
77916
77928
77941
77972
78009
78013
78020
78024
78040
78086
78130
78135
78157
78178
78181
78207
78274
78289
78307
78317
78323
78337
78363
78377
78391
78393
78460
78468
78473
78541
78563
78564
78580
78581
78596
78611
78626
78628
78698
78714
78761
78762
78770
78783
78798
78801
78816
78825
78826
78893
78914
78939
78968
78977
78978
78980
78997
79004
79017
79022
79067
79082
79123
79129
79136
79145
79163
79191
79193
79203
79210
79215
79220
79221
79234
79265
79300
79321
79324
79332
79334
79352
79363
79378
79387
79406
79409
79424
79425
79437
79447
79455
79468
79472
79477
79494
79494
79503
79526
79566
79612
79616
79627
79663
79698
79705
79737
79738
79750
79753
79764
79788
79806
79808
79834
79878
79891
79904
79925
79941
80004
80023
80038
80041
80073
80094
80097
80098
80101
80111
80112
80122
80133
80136
80142
80159
80185
80195
80199
80207
80233
80234
80255
80275
80278
80285
80287
80311
80328
80333
80353
80387
80404
80418
80422
80431
80433
80445
80455
80461
80471
80500
80509
80509
80516
80525
80541
80551
80552
80561
80565
80576
80614
80630
80662
80686
80695
80703
80709
80760
80782
80808
80820
80830
80847
80874
80874
80880
80881
80904
80909
80928
80947
80949
80956
80974
80976
80995
81023
81032
81061
81062
81079
81084
81089
81095
81099
81104
81123
81126
81143
81192
81210
81219
81239
81240
81241
81241
81273
81276
81288
81328
81331
81356
81374
81381
81388
81404
81417
81434
81447
81459
81481
81499
81513
81531
81543
81546
81547
81566
81592
81595
81613
81629
81645
81664
81683
81708
81721
81727
81736
81746
81774
81797
81815
81907
81941
81970
81975
82006
82007
82023
82029
82034
82038
82050
82057
82062
82063
82069
82076
82080
82108
82111
82128
82135
82153
82217
82224
82236
82240
82267
82271
82296
82311
82347
82358
82376
82410
82429
82447
82502
82509
82515
82524
82533
82538
82553
82570
82619
82635
82654
82683
82726
82742
82814
82819
82850
82852
82854
82859
82859
82883
82892
82908
82916
82922
82952
82953
82956
82989
83007
83013
83027
83037
83043
83080
83083
83087
83094
83099
83101
83108
83110
83115
83123
83126
83145
83156
83157
83177
83188
83221
83245
83263
83273
83286
83294
83297
83299
83311
83343
83349
83355
83358
83389
83393
83395
83399
83437
83462
83481
83495
83512
83542
83551
83626
83628
83629
83637
83651
83699
83700
83723
83733
83778
83785
83791
83791
83811
83841
83848
83850
83862
83865
83885
83903
83927
83958
83965
83966
83973
83990
84011
84031
84036
84037
84066
84075
84076
84100
84101
84114
84119
84131
84141
84152
84184
84200
84228
84243
84256
84271
84273
84284
84298
84314
84337
84348
84366
84403
84406
84444
84449
84461
84511
84519
84550
84552
84553
84557
84585
84592
84597
84615
84626
84634
84635
84643
84653
84660
84666
84676
84693
84696
84706
84742
84748
84748
84750
84762
84768
84771
84804
84834
84862
84876
84887
84948
84953
84965
84967
84979
84979
84982
84989
84993
85005
85008
85029
85068
85073
85081
85095
85099
85102
85147
85169
85191
85221
85257
85269
85271
85281
85309
85356
85364
85372
85375
85409
85420
85428
85442
85444
85451
85452
85461
85462
85493
85506
85523
85527
85534
85568
85570
85597
85602
85625
85656
85674
85679
85684
85700
85770
85776
85794
85796
85806
85809
85830
85885
85892
85896
85911
85913
85930
85940
85954
85956
85980
85996
86010
86016
86027
86039
86045
86050
86053
86067
86075
86130
86139
86157
86160
86168
86222
86238
86239
86247
86253
86276
86278
86307
86316
86319
86320
86320
86328
86339
86393
86429
86432
86441
86444
86453
86463
86471
86472
86515
86522
86582
86620
86643
86670
86675
86683
86694
86700
86726
86727
86731
86735
86761
86765
86769
86770
86783
86784
86813
86817
86862
86864
86887
86919
86959
86978
87010
87010
87091
87091
87091
87132
87141
87150
87179
87180
87180
87215
87229
87239
87339
87368
87382
87389
87437
87438
87457
87479
87481
87485
87508
87516
87523
87533
87572
87637
87637
87653
87663
87682
87694
87695
87696
87720
87750
87766
87775
87793
87808
87821
87836
87845
87853
87863
87866
87889
87890
87898
87902
87918
87931
87947
88025
88030
88047
88047
88070
88134
88204
88206
88241
88273
88286
88315
88327
88349
88407
88419
88421
88425
88428
88446
88448
88448
88475
88508
88517
88518
88526
88531
88547
88547
88574
88577
88599
88636
88648
88659
88676
88680
88687
88718
88720
88734
88776
88777
88807
88814
88827
88837
88841
88851
88867
88878
88940
88940
88970
88987
89001
89009
89027
89047
89047
89048
89070
89072
89092
89093
89151
89158
89169
89174
89175
89191
89211
89216
89246
89265
89265
89268
89303
89307
89319
89345
89354
89361
89367
89378
89418
89421
89429
89435
89510
89539
89548
89553
89573
89580
89675
89685
89702
89704
89707
89710
89727
89729
89731
89747
89749
89767
89780
89784
89791
89839
89860
89884
89897
89917
89920
89929
89933
89939
89965
89968
89979
89981
89987
90000
90011
90020
90028
90032
90044
90052
90071
90097
90128
90154
90194
90197
90215
90229
90245
90258
90259
90266
90275
90276
90277
90296
90380
90387
90397
90451
90454
90462
90477
90485
90500
90500
90501
90510
90517
90527
90541
90575
90600
90615
90622
90624
90635
90638
90676
90747
90749
90759
90778
90801
90851
90851
90855
90865
90905
90912
90914
90914
90933
90968
90972
91022
91049
91064
91120
91131
91151
91163
91176
91179
91182
91254
91279
91281
91289
91291
91295
91357
91363
91365
91430
91444
91466
91467
91482
91502
91516
91526
91532
91589
91594
91604
91673
91676
91700
91702
91710
91717
91721
91743
91792
91809
91853
91906
91913
91928
91958
91971
91982
92007
92017
92023
92046
92068
92082
92089
92099
92107
92117
92119
92136
92146
92155
92205
92225
92226
92278
92309
92315
92407
92412
92414
92420
92430
92469
92492
92514
92565
92586
92608
92611
92641
92651
92656
92681
92688
92699
92701
92702
92706
92744
92751
92774
92793
92818
92823
92840
92888
92890
92907
92918
92932
92954
92967
93007
93022
93029
93039
93079
93088
93103
93132
93137
93144
93146
93146
93166
93167
93169
93171
93178
93217
93283
93319
93330
93330
93334
93342
93422
93445
93491
93609
93618
93625
93641
93661
93666
93676
93691
93724
93733
93743
93749
93751
93799
93808
93814
93837
93843
93849
93852
93886
93941
93956
93962
93986
93993
94045
94063
94097
94105
94108
94114
94118
94141
94181
94231
94245
94250
94314
94314
94341
94344
94375
94422
94428
94433
94464
94471
94485
94544
94560
94582
94587
94593
94597
94644
94680
94694
94697
94699
94725
94806
94810
94848
94865
94866
94890
94923
94930
94933
94939
94958
94960
94964
95002
95004
95041
95113
95124
95140
95175
95181
95193
95208
95213
95253
95272
95296
95296
95302
95319
95357
95379
95396
95410
95415
95429
95511
95516
95538
95553
95561
95578
95587
95600
95666
95721
95733
95770
95783
95792
95841
95886
95890
95932
95982
95996
96062
96079
96080
96095
96097
96136
96138
96143
96305
96317
96322
96366
96429
96442
96476
96478
96483
96515
96516
96519
96529
96557
96590
96600
96609
96652
96686
96717
96744
96774
96781
96819
96840
96866
96887
96908
96932
96957
96962
96989
97019
97064
97083
97112
97123
97156
97159
97191
97229
97230
97277
97278
97289
97298
97349
97404
97442
97466
97536
97558
97580
97584
97598
97614
97619
97627
97628
97690
97704
97742
97746
97809
97835
97841
97847
97910
97961
97962
97968
98018
98060
98073
98121
98141
98164
98193
98313
98372
98402
98419
98464
98530
98537
98573
98620
98621
98685
98733
98766
98808
98822
98837
98845
98876
98937
98944
98970
98975
99032
99066
99102
99112
99118
99119
99152
99162
99198
99223
99240
99259
99265
99281
99293
99297
99349
99393
99430
99501
99502
99537
99605
99627
99636
99665
99681
99791
99806
99812
99853
99973
99982
100029
100066
100244
100246
100252
100257
100272
100310
100329
100332
100353
100413
100445
100474
100502
100560
100567
100655
100685
100712
100786
100819
100822
100898
100900
100951
100978
101102
101147
101174
101230
101368
101373
101377
101411
101453
101497
101507
101539
101545
101597
101669
101682
101718
101785
101878
101915
101962
101988
102034
102106
102119
102124
102131
102133
102144
102161
102180
102207
102353
102430
102488
102618
102722
102779
102860
102873
102924
102939
102995
103032
103064
103121
103188
103312
103351
103507
103512
103588
103687
103687
103756
103767
103774
103795
103824
103902
103944
103945
103969
104002
104015
104134
104186
104221
104245
104288
104354
104354
104418
104485
104625
104664
104665
104678
104706
104714
104830
104899
104920
105001
105007
105062
105202
105271
105274
105323
105348
105445
105630
105721
105758
105801
105860
106088
106100
106205
106321
106414
106435
106458
106663
106984
107201
107480
107519
107592
107687
107718
107863
108040
108212
108379
108553
108593
108594
108666
108678
108772
108988
109012
109195
109444
109559
109579
109624
109775
109882
109918
110280
110664
110897
111117
111192
111213
111553
112200
112755
112807
113034
113043
113197
113373
113773
114308
114509
114554
115309
118245
118914
119286
119348
