107122
108243
113459
114871
115252
116287
116501
117618
117929
118203
119489
119492
119529
119968
120019
120700
121279
121570
121929
121937
122554
122738
123085
123662
123682
124250
124516
124931
125063
125266
125304
125645
125740
125940
126230
126340
126445
126454
126747
126831
127031
127184
127219
127368
127370
127686
127692
127893
128227
128473
128572
128697
128795
128999
129014
129124
129274
129424
129607
129736
129820
129822
130188
130319
130407
130423
130760
130874
131073
131098
131203
131208
131301
131342
131348
131441
131547
131629
131666
131952
131970
132118
132239
132245
132430
132498
132506
132667
132714
132963
133317
133513
133571
133744
133826
133837
133845
134059
134177
134193
134210
134336
134403
134508
134510
134596
134606
134608
134614
134650
134922
134954
135003
135219
135222
135227
135351
135503
135624
135659
135719
135727
135747
136090
136172
136193
136253
136267
136317
136318
136535
136621
136630
136639
136664
136706
136716
136730
136732
136766
136813
136879
136889
136890
137045
137147
137194
137239
137254
137292
137350
137358
137363
137489
137490
137640
137662
137735
137785
137832
137858
137894
138029
138036
138037
138100
138118
138126
138145
138168
138189
138208
138233
138366
138372
138403
138415
138435
138440
138449
138493
138512
138565
138596
138668
138695
138727
138813
138870
138880
138933
138985
139020
139029
139073
139093
139113
139126
139167
139185
139216
139344
139380
139440
139459
139493
139541
139574
139618
139672
139672
139683
139750
139788
139799
139868
140016
140031
140058
140101
140113
140151
140157
140205
140258
140287
140426
140458
140502
140514
140619
140621
140628
140652
140655
140684
140685
140704
140711
140722
140740
140814
140848
140893
140917
140924
140957
140965
141000
141005
141022
141091
141098
141099
141099
141149
141152
141187
141206
141223
141227
141241
141244
141249
141273
141372
141376
141400
141439
141483
141519
141543
141598
141624
141638
141678
141706
141828
141840
141845
141872
141900
141937
141956
141959
141983
142007
142013
142059
142086
142090
142099
142113
142143
142144
142155
142193
142213
142228
142249
142255
142267
142290
142294
142294
142330
142483
142497
142504
142507
142510
142539
142595
142599
142600
142626
142695
142864
142867
142920
142955
143009
143033
143040
143085
143109
143119
143124
143151
143195
143236
143268
143270
143272
143274
143299
143339
143401
143414
143430
143455
143455
143461
143515
143574
143587
143595
143625
143668
143689
143744
143755
143770
143788
143805
143818
143843
143858
143903
143915
143922
144019
144060
144071
144136
144204
144233
144251
144263
144276
144301
144331
144339
144431
144433
144454
144469
144473
144480
144517
144520
144604
144653
144656
144674
144687
144773
144795
144851
144867
144875
144901
144934
144977
144991
145024
145035
145049
145063
145121
145195
145212
145261
145290
145379
145389
145392
145413
145414
145480
145484
145500
145503
145507
145513
145524
145539
145589
145644
145650
145694
145696
145732
145780
145783
145792
145792
145792
145835
145839
145861
145887
145896
145918
145935
145939
146018
146045
146072
146107
146115
146115
146131
146208
146241
146269
146277
146360
146372
146411
146475
146483
146539
146550
146629
146636
146713
146733
146740
146792
146800
146805
146806
146810
146878
146891
146943
147040
147047
147070
147083
147089
147106
147111
147125
147136
147181
147227
147240
147248
147256
147279
147284
147296
147318
147339
147355
147381
147442
147448
147451
147464
147479
147549
147555
147586
147599
147605
147613
147621
147626
147638
147678
147678
147690
147706
147744
147809
147820
147835
147851
147887
147907
147918
147936
147984
147984
147993
147994
148043
148052
148054
148088
148117
148121
148128
148160
148165
148168
148169
148180
148221
148221
148257
148290
148319
148330
148330
148336
148341
148344
148416
148474
148527
148534
148538
148585
148604
148617
148655
148662
148663
148703
148710
148742
148748
148750
148751
148754
148782
148813
148844
148863
148884
148904
148909
148927
148997
149049
149056
149056
149075
149100
149125
149141
149144
149146
149148
149163
149191
149267
149295
149296
149300
149301
149338
149364
149424
149439
149446
149452
149470
149489
149506
149579
149612
149619
149660
149660
149671
149678
149681
149681
149704
149707
149713
149721
149732
149789
149834
149839
149878
149890
149940
149945
149951
149966
149992
149994
150013
150023
150030
150041
150063
150071
150115
150116
150119
150121
150128
150143
150144
150167
150179
150188
150205
150210
150218
150236
150251
150271
150287
150288
150312
150343
150366
150377
150399
150404
150428
150441
150447
150492
150512
150541
150560
150580
150583
150586
150593
150601
150603
150608
150612
150625
150632
150675
150675
150700
150701
150714
150719
150770
150799
150801
150802
150823
150827
150844
150894
150944
150951
150984
150988
151034
151069
151087
151107
151121
151126
151134
151139
151148
151201
151225
151225
151291
151294
151303
151307
151307
151310
151355
151406
151417
151417
151428
151428
151464
151499
151507
151510
151529
151540
151574
151588
151603
151639
151645
151652
151678
151685
151687
151722
151733
151764
151782
151798
151825
151871
151887
151902
151935
151981
151992
151992
152025
152049
152062
152062
152069
152072
152077
152088
152093
152113
152116
152121
152152
152162
152165
152169
152194
152199
152205
152234
152255
152278
152281
152288
152318
152323
152339
152351
152373
152378
152388
152405
152435
152440
152445
152451
152456
152472
152498
152535
152539
152547
152547
152589
152595
152612
152641
152696
152703
152712
152715
152739
152789
152837
152848
152853
152854
152859
152892
152893
152914
152979
153009
153018
153019
153028
153037
153046
153054
153062
153068
153075
153108
153117
153157
153198
153225
153287
153291
153298
153307
153320
153341
153341
153357
153361
153370
153382
153395
153396
153408
153408
153429
153437
153479
153482
153492
153497
153510
153514
153533
153550
153558
153566
153603
153606
153616
153617
153635
153672
153744
153754
153757
153789
153833
153834
153847
153853
153863
153892
153894
153899
153906
153913
153918
153927
153937
153962
153969
153981
154045
154057
154120
154187
154190
154205
154255
154290
154294
154317
154349
154354
154365
154366
154372
154376
154380
154383
154392
154393
154416
154444
154454
154459
154477
154481
154483
154483
154486
154512
154531
154535
154540
154562
154576
154588
154607
154652
154653
154654
154656
154683
154698
154708
154725
154743
154749
154819
154862
154879
154879
154886
154886
154891
154897
154898
154907
154959
154959
154962
154975
154977
154978
154981
154995
155000
155002
155009
155030
155033
155038
155043
155044
155045
155069
155080
155100
155120
155132
155156
155170
155198
155209
155218
155229
155237
155272
155277
155349
155353
155375
155388
155414
155417
155432
155435
155439
155441
155444
155464
155498
155501
155519
155541
155543
155585
155596
155616
155621
155639
155683
155701
155713
155714
155718
155761
155808
155826
155832
155834
155840
155857
155876
155881
155883
155883
155888
155925
155944
155947
155949
155965
155968
155976
155980
155993
155999
156034
156038
156067
156095
156105
156128
156131
156140
156193
156210
156222
156227
156235
156259
156304
156319
156340
156365
156410
156413
156434
156476
156480
156492
156511
156513
156514
156531
156540
156558
156602
156605
156618
156641
156644
156680
156692
156699
156737
156739
156743
156765
156768
156779
156780
156790
156815
156817
156881
156900
156913
156914
156936
156938
156942
156944
156953
156969
156971
156976
156983
157034
157036
157071
157080
157081
157089
157090
157097
157110
157125
157138
157141
157162
157176
157182
157202
157229
157235
157239
157301
157315
157321
157322
157330
157348
157348
157361
157369
157375
157379
157390
157406
157421
157427
157446
157491
157503
157519
157520
157524
157526
157529
157567
157584
157610
157610
157662
157672
157672
157695
157720
157729
157731
157742
157747
157751
157754
157808
157808
157814
157829
157854
157863
157899
157910
157918
157945
157956
157965
157991
157992
157994
158002
158019
158023
158027
158028
158034
158168
158210
158210
158221
158225
158228
158232
158265
158278
158283
158291
158295
158365
158388
158389
158395
158408
158411
158424
158425
158425
158432
158442
158447
158478
158491
158512
158522
158537
158537
158557
158629
158634
158652
158665
158673
158675
158682
158688
158717
158717
158723
158725
158735
158756
158774
158774
158778
158808
158817
158828
158831
158848
158855
158864
158864
158872
158889
158897
158917
158920
158929
158956
158957
158959
158964
158965
158982
158990
158999
159001
159032
159034
159043
159070
159079
159086
159088
159093
159148
159153
159154
159164
159166
159171
159220
159222
159224
159236
159253
159275
159287
159306
159308
159309
159310
159310
159311
159311
159317
159349
159356
159360
159393
159437
159439
159440
159441
159488
159489
159515
159524
159545
159550
159572
159584
159591
159595
159615
159616
159658
159680
159683
159687
159699
159710
159713
159717
159727
159728
159729
159731
159731
159735
159745
159765
159766
159770
159771
159772
159775
159814
159856
159860
159880
159911
159919
159924
159940
159943
159948
159961
160021
160024
160027
160034
160045
160050
160059
160078
160091
160105
160109
160116
160120
160140
160169
160173
160176
160178
160188
160188
160195
160199
160209
160215
160234
160257
160259
160275
160288
160294
160296
160299
160303
160310
160322
160324
160330
160331
160332
160337
160346
160348
160352
160404
160405
160416
160445
160460
160471
160484
160486
160500
160537
160559
160580
160593
160599
160603
160604
160641
160652
160670
160685
160691
160693
160704
160705
160709
160721
160741
160745
160753
160767
160787
160801
160803
160817
160822
160852
160864
160872
160893
160904
160907
160912
160920
160946
160950
160951
160960
160982
160996
161031
161038
161044
161053
161056
161073
161088
161110
161121
161121
161133
161137
161140
161142
161156
161164
161165
161181
161201
161205
161216
161221
161246
161258
161311
161328
161332
161355
161383
161388
161389
161399
161419
161425
161445
161458
161464
161472
161473
161484
161490
161493
161501
161531
161544
161549
161556
161564
161565
161568
161579
161583
161593
161605
161606
161622
161625
161626
161628
161633
161642
161671
161690
161750
161754
161758
161767
161782
161782
161787
161797
161813
161833
161860
161866
161872
161886
161908
161921
161926
161944
161946
161973
161982
161994
161998
161998
162003
162010
162017
162034
162048
162117
162128
162145
162184
162211
162216
162216
162232
162255
162261
162276
162279
162297
162304
162329
162346
162347
162348
162351
162352
162360
162365
162368
162397
162399
162423
162430
162441
162447
162451
162452
162455
162468
162483
162486
162489
162490
162512
162520
162527
162530
162530
162541
162566
162574
162574
162580
162616
162665
162667
162695
162712
162735
162739
162746
162780
162792
162803
162807
162818
162830
162849
162859
162865
162867
162870
162872
162877
162884
162891
162906
162933
162935
162942
162954
162961
162963
162963
162968
162992
162992
163007
163026
163070
163074
163079
163080
163088
163098
163134
163150
163160
163163
163198
163206
163210
163219
163235
163245
163296
163318
163341
163350
163358
163361
163376
163377
163379
163381
163397
163415
163430
163444
163449
163456
163469
163472
163489
163506
163541
163542
163543
163551
163556
163561
163591
163593
163593
163603
163611
163629
163663
163672
163680
163703
163708
163725
163730
163731
163740
163751
163752
163768
163771
163783
163786
163799
163806
163810
163831
163837
163857
163862
163887
163890
163898
163899
163922
163935
163958
163981
163986
163997
164002
164010
164034
164039
164043
164053
164055
164066
164070
164078
164078
164084
164091
164091
164102
164113
164125
164126
164133
164176
164184
164188
164192
164192
164207
164217
164220
164221
164230
164246
164253
164271
164294
164314
164314
164334
164338
164342
164342
164396
164403
164408
164418
164423
164447
164451
164451
164454
164455
164467
164469
164470
164503
164531
164540
164561
164569
164578
164583
164585
164589
164602
164604
164617
164626
164633
164657
164662
164672
164674
164686
164687
164693
164698
164708
164713
164719
164738
164751
164763
164766
164787
164800
164805
164821
164825
164844
164879
164890
164898
164910
164921
164925
164930
164983
164994
164996
165019
165025
165039
165040
165041
165042
165046
165050
165059
165099
165101
165104
165111
165118
165121
165122
165161
165176
165197
165224
165244
165251
165255
165264
165267
165284
165286
165297
165310
165313
165313
165316
165317
165319
165328
165337
165351
165356
165362
165363
165374
165375
165378
165383
165390
165429
165442
165447
165480
165485
165493
165499
165512
165514
165518
165529
165529
165530
165535
165552
165562
165564
165565
165586
165594
165606
165615
165633
165637
165654
165655
165679
165684
165693
165693
165706
165716
165717
165724
165750
165781
165787
165796
165797
165798
165807
165817
165821
165826
165844
165845
165852
165854
165876
165876
165886
165891
165892
165907
165908
165913
165914
165914
165925
165926
165933
165947
165970
165981
165995
165997
166027
166031
166039
166047
166059
166060
166075
166076
166088
166091
166113
166125
166129
166164
166168
166175
166181
166181
166185
166187
166197
166224
166235
166242
166253
166283
166285
166308
166312
166315
166346
166354
166392
166396
166405
166408
166410
166420
166442
166465
166465
166473
166490
166493
166508
166520
166548
166549
166572
166578
166579
166592
166599
166607
166609
166638
166640
166646
166651
166661
166671
166679
166685
166708
166717
166733
166755
166761
166763
166775
166777
166781
166785
166788
166790
166821
166834
166843
166847
166863
166868
166881
166882
166888
166912
166936
166947
166953
166955
166957
166965
166978
167011
167014
167018
167024
167031
167033
167046
167049
167075
167080
167081
167087
167087
167099
167119
167126
167131
167135
167136
167139
167147
167149
167235
167237
167239
167261
167291
167307
167319
167327
167336
167339
167357
167369
167391
167398
167404
167405
167405
167410
167413
167425
167429
167438
167439
167465
167468
167473
167482
167482
167490
167498
167514
167517
167525
167527
167529
167535
167540
167552
167554
167566
167620
167642
167654
167658
167659
167664
167669
167680
167697
167717
167729
167732
167733
167748
167752
167758
167763
167771
167791
167823
167836
167839
167848
167891
167917
167920
167957
167965
167970
167972
167978
167992
168010
168054
168060
168066
168081
168082
168095
168100
168109
168122
168123
168137
168142
168154
168175
168210
168215
168227
168252
168264
168264
168273
168279
168286
168289
168292
168302
168307
168309
168329
168339
168347
168351
168352
168359
168379
168386
168386
168388
168424
168459
168486
168487
168489
168494
168499
168524
168545
168548
168548
168572
168588
168589
168593
168594
168601
168611
168615
168632
168635
168652
168654
168671
168715
168724
168734
168743
168749
168751
168757
168760
168772
168782
168789
168802
168803
168813
168829
168831
168840
168847
168877
168906
168918
168922
168927
168933
168935
168936
168939
168944
168946
168950
168955
168957
168998
169009
169035
169036
169061
169084
169116
169121
169131
169140
169141
169184
169187
169190
169200
169202
169205
169222
169243
169244
169252
169255
169259
169280
169281
169286
169292
169295
169300
169302
169328
169364
169382
169393
169400
169401
169402
169408
169417
169430
169484
169492
169505
169511
169519
169527
169539
169543
169549
169549
169571
169580
169589
169597
169598
169602
169604
169609
169615
169624
169625
169631
169643
169645
169645
169654
169674
169681
169698
169711
169713
169724
169733
169743
169748
169759
169760
169789
169802
169813
169821
169825
169843
169858
169860
169871
169895
169907
169924
169927
169935
169943
169955
169956
169967
169971
169972
169975
169983
169989
169994
169994
169996
170007
170011
170016
170034
170042
170043
170058
170058
170063
170068
170070
170094
170115
170132
170141
170159
170171
170188
170195
170206
170216
170220
170221
170231
170237
170273
170284
170290
170293
170329
170334
170337
170364
170364
170365
170372
170372
170373
170378
170390
170396
170413
170424
170438
170444
170456
170476
170488
170497
170519
170528
170546
170562
170576
170586
170586
170596
170596
170616
170635
170658
170691
170695
170698
170715
170727
170764
170765
170767
170770
170779
170783
170786
170791
170798
170805
170808
170811
170818
170834
170840
170863
170884
170888
170889
170914
170955
170956
170983
170998
171004
171007
171010
171036
171037
171055
171064
171088
171094
171099
171104
171114
171114
171119
171124
171128
171134
171135
171151
171168
171169
171192
171192
171194
171199
171236
171239
171243
171271
171275
171297
171307
171334
171380
171387
171396
171429
171455
171479
171483
171489
171490
171497
171518
171521
171537
171539
171540
171542
171549
171583
171600
171603
171623
171625
171645
171668
171674
171682
171693
171694
171700
171731
171738
171759
171783
171794
171815
171816
171824
171829
171853
171853
171879
171883
171894
171902
171903
171903
171921
171926
171933
171942
171960
171967
171980
172015
172032
172034
172059
172061
172062
172067
172075
172096
172127
172135
172135
172138
172144
172148
172151
172192
172195
172207
172214
172220
172249
172252
172253
172264
172274
172282
172320
172333
172342
172376
172421
172432
172446
172446
172449
172465
172466
172473
172479
172483
172536
172544
172547
172574
172585
172592
172622
172642
172665
172696
172697
172698
172710
172744
172794
172802
172829
172839
172861
172864
172867
172893
172895
172907
172911
172925
172925
172932
172941
172943
172949
172950
172958
172959
172963
172988
172992
172996
172998
173023
173038
173076
173090
173091
173095
173133
173154
173155
173157
173158
173162
173168
173213
173216
173238
173245
173262
173268
173288
173292
173294
173295
173334
173337
173342
173357
173362
173398
173402
173408
173413
173416
173418
173423
173440
173449
173451
173479
173481
173484
173486
173491
173492
173516
173516
173517
173526
173556
173562
173567
173569
173574
173580
173628
173635
173637
173640
173651
173659
173659
173666
173668
173676
173708
173730
173731
173757
173782
173805
173818
173823
173841
173863
173867
173912
173912
173924
173939
173945
173952
173977
173978
173988
174013
174026
174054
174124
174135
174141
174144
174162
174170
174174
174178
174186
174187
174190
174207
174220
174228
174230
174247
174252
174255
174267
174277
174308
174334
174341
174349
174365
174368
174374
174375
174377
174396
174401
174402
174416
174429
174451
174452
174455
174465
174468
174471
174472
174476
174489
174503
174512
174515
174536
174546
174551
174569
174574
174586
174589
174594
174615
174625
174663
174666
174678
174686
174714
174718
174729
174733
174752
174761
174777
174819
174832
174835
174837
174847
174864
174883
174888
174903
174911
174926
174932
174939
174948
174953
174958
174977
174987
174993
175007
175025
175026
175035
175039
175048
175055
175068
175085
175097
175116
175121
175138
175143
175149
175156
175174
175177
175178
175185
175199
175219
175221
175231
175239
175242
175252
175275
175281
175311
175316
175319
175335
175340
175345
175364
175377
175384
175389
175425
175436
175444
175462
175476
175482
175498
175506
175520
175528
175534
175535
175553
175586
175608
175632
175658
175659
175667
175671
175675
175685
175687
175689
175697
175698
175699
175709
175715
175719
175722
175744
175756
175790
175808
175820
175821
175823
175824
175835
175843
175858
175867
175873
175877
175896
175902
175910
175918
175922
175925
175938
175958
175984
176006
176012
176017
176019
176027
176039
176043
176059
176070
176100
176103
176126
176146
176148
176151
176152
176177
176182
176203
176208
176210
176211
176216
176251
176255
176255
176264
176274
176275
176295
176298
176336
176341
176347
176350
176351
176356
176356
176381
176413
176417
176420
176420
176429
176449
176477
176503
176509
176548
176549
176557
176559
176565
176589
176608
176612
176616
176622
176638
176640
176676
176681
176683
176734
176757
176762
176779
176781
176783
176830
176845
176865
176873
176877
176879
176896
176900
176913
176964
176974
176988
177005
177006
177009
177022
177026
177044
177044
177052
177062
177063
177063
177085
177096
177129
177138
177174
177181
177195
177195
177212
177212
177228
177231
177231
177242
177243
177254
177255
177259
177269
177306
177306
177312
177336
177338
177343
177359
177388
177400
177412
177417
177444
177445
177450
177453
177465
177473
177506
177513
177516
177533
177541
177545
177552
177553
177556
177566
177590
177612
177617
177617
177627
177632
177694
177710
177729
177739
177748
177748
177761
177768
177821
177825
177826
177836
177839
177839
177840
177856
177860
177867
177870
177888
177898
177902
177906
177910
177923
177924
177959
177978
177979
177984
177990
178042
178049
178050
178053
178144
178152
178187
178189
178191
178191
178194
178199
178232
178245
178252
178278
178287
178293
178298
178302
178327
178345
178358
178397
178410
178411
178438
178470
178472
178475
178476
178506
178508
178514
178515
178541
178550
178561
178575
178607
178615
178627
178658
178665
178681
178681
178714
178721
178746
178792
178829
178836
178871
178873
178888
178895
178908
178920
178949
178968
178981
179001
179015
179026
179031
179032
179038
179041
179043
179050
179052
179052
179055
179061
179095
179105
179127
179129
179137
179149
179166
179177
179188
179194
179207
179215
179216
179235
179235
179238
179250
179252
179271
179318
179321
179327
179353
179371
179373
179373
179378
179389
179391
179402
179406
179446
179451
179460
179463
179493
179503
179517
179528
179573
179577
179590
179592
179615
179620
179620
179652
179667
179681
179688
179712
179738
179748
179751
179803
179839
179882
179889
179896
179937
179957
179959
180026
180039
180064
180099
180099
180106
180127
180129
180134
180137
180137
180182
180182
180186
180194
180199
180212
180213
180214
180217
180233
180237
180256
180276
180296
180315
180345
180383
180385
180393
180395
180400
180409
180418
180430
180433
180435
180440
180441
180504
180537
180550
180555
180571
180589
180591
180618
180621
180626
180632
180636
180638
180641
180645
180655
180665
180669
180688
180688
180695
180714
180721
180744
180746
180758
180782
180787
180806
180807
180808
180819
180820
180823
180829
180838
180843
180846
180867
180871
180922
180925
180931
180935
180942
180943
180943
180953
180957
180967
181004
181006
181007
181023
181023
181024
181071
181085
181094
181129
181182
181189
181195
181215
181221
181236
181241
181290
181295
181298
181299
181300
181327
181351
181351
181368
181368
181373
181376
181420
181429
181436
181440
181452
181456
181466
181467
181503
181514
181524
181548
181550
181599
181600
181616
181618
181633
181664
181673
181679
181682
181700
181719
181733
181765
181776
181782
181821
181847
181855
181865
181873
181897
181930
181936
181938
181966
181978
181979
181992
182006
182012
182038
182051
182134
182145
182148
182160
182181
182194
182199
182220
182221
182223
182227
182230
182273
182292
182310
182318
182347
182347
182368
182369
182374
182381
182400
182417
182445
182448
182449
182456
182515
182522
182522
182545
182547
182548
182549
182559
182560
182589
182595
182611
182629
182630
182670
182689
182696
182697
182705
182706
182713
182730
182734
182747
182750
182752
182802
182802
182823
182825
182845
182847
182857
182895
182914
182938
182939
182940
182942
182956
182977
183003
183005
183013
183020
183022
183032
183075
183077
183077
183122
183133
183134
183143
183151
183166
183175
183189
183214
183252
183280
183283
183351
183365
183366
183369
183371
183401
183411
183424
183476
183484
183489
183535
183542
183551
183585
183606
183637
183646
183653
183657
183687
183689
183693
183717
183720
183734
183746
183803
183849
183864
183866
183880
183927
183938
183948
183950
183976
183980
183988
184086
184095
184114
184115
184146
184166
184208
184214
184216
184223
184228
184229
184241
184273
184276
184293
184345
184345
184355
184365
184375
184386
184411
184414
184420
184463
184489
184493
184493
184496
184506
184514
184517
184518
184529
184556
184601
184619
184619
184620
184641
184642
184664
184670
184694
184697
184718
184736
184777
184778
184834
184844
184855
184907
184938
184950
184980
184983
185021
185021
185033
185066
185085
185086
185089
185095
185106
185109
185128
185130
185137
185142
185144
185186
185187
185202
185203
185207
185208
185253
185289
185296
185313
185322
185324
185341
185391
185425
185444
185450
185462
185472
185473
185475
185483
185486
185489
185490
185535
185560
185565
185576
185579
185582
185590
185598
185605
185653
185655
185672
185673
185675
185687
185694
185700
185709
185711
185713
185720
185722
185751
185789
185803
185812
185820
185866
185868
185877
185878
185910
185912
185916
185918
185921
185925
185928
185948
185967
185996
186008
186009
186013
186031
186049
186064
186065
186080
186093
186105
186107
186111
186113
186132
186138
186159
186171
186179
186184
186223
186268
186274
186287
186310
186317
186321
186334
186366
186377
186412
186425
186431
186443
186445
186453
186469
186482
186483
186531
186547
186562
186568
186572
186594
186611
186612
186618
186653
186746
186765
186784
186800
186801
186809
186809
186816
186846
186862
186937
186962
186974
186974
186993
187044
187054
187057
187076
187076
187105
187110
187119
187124
187130
187131
187140
187143
187151
187160
187236
187237
187241
187242
187267
187287
187300
187335
187377
187378
187391
187420
187429
187456
187467
187477
187477
187504
187517
187543
187606
187647
187667
187751
187767
187798
187806
187831
187841
187862
187892
187904
187920
187931
187947
187973
188099
188110
188125
188129
188133
188138
188148
188154
188162
188173
188175
188179
188210
188223
188254
188259
188267
188272
188278
188290
188291
188303
188310
188316
188318
188343
188344
188371
188384
188441
188465
188478
188503
188532
188551
188572
188597
188600
188612
188638
188643
188655
188659
188673
188727
188781
188826
188909
188934
188946
188962
188967
188993
189043
189044
189045
189051
189053
189064
189066
189114
189133
189186
189199
189199
189262
189279
189310
189339
189348
189366
189411
189454
189475
189487
189511
189535
189541
189595
189597
189603
189608
189667
189668
189673
189676
189676
189718
189738
189781
189801
189809
189824
189848
189849
189869
189878
189891
189910
189911
189945
189949
189964
190012
190012
190013
190053
190054
190105
190174
190182
190185
190190
190213
190224
190258
190321
190328
190328
190334
190371
190401
190402
190428
190440
190453
190463
190496
190555
190564
190626
190645
190663
190667
190700
190701
190710
190725
190725
190761
190775
190791
190803
190823
190886
190981
191030
191069
191097
191116
191131
191142
191153
191167
191200
191224
191246
191274
191276
191299
191316
191328
191346
191346
191363
191365
191369
191372
191373
191388
191389
191439
191448
191488
191498
191514
191518
191521
191562
191574
191578
191578
191583
191622
191636
191646
191662
191680
191688
191703
191719
191821
191856
191860
191871
191881
191897
191899
191912
191936
191961
192001
192013
192015
192023
192045
192090
192121
192122
192153
192154
192165
192166
192167
192178
192195
192196
192197
192250
192264
192357
192364
192403
192427
192464
192481
192495
192507
192540
192589
192593
192594
192660
192739
192825
192905
192912
192978
193061
193081
193102
193112
193139
193172
193189
193200
193215
193267
193312
193417
193419
193438
193499
193503
193516
193557
193585
193589
193633
193647
193651
193653
193697
193759
193765
193786
193819
193870
193900
193922
193944
193982
193999
194013
194033
194048
194062
194070
194087
194098
194192
194231
194262
194263
194321
194359
194397
194548
194566
194617
194617
194618
194626
194627
194673
194698
194764
194781
194795
194796
194802
194835
194838
194858
194865
194891
194906
194917
194971
195035
195063
195113
195117
195120
195145
195158
195159
195167
195177
195227
195267
195274
195282
195288
195299
195313
195316
195344
195363
195392
195444
195481
195515
195523
195524
195582
195603
195642
195651
195747
195764
195816
195845
195941
195952
196017
196038
196061
196093
196179
196183
196186
196190
196248
196276
196280
196282
196290
196339
196348
196421
196466
196575
196578
196584
196590
196604
196713
196733
196759
196899
196899
196903
196922
196939
196968
197001
197022
197027
197045
197143
197163
197193
197206
197370
197401
197409
197417
197447
197453
197457
197471
197503
197517
197648
197658
197699
197787
197827
197831
197856
197867
197909
197933
197943
197951
198001
198009
198040
198072
198076
198101
198107
198122
198143
198179
198250
198260
198262
198295
198338
198386
198446
198461
198526
198566
198613
198704
198804
198818
198838
198857
198910
198950
198961
198996
199051
199075
199077
199100
199110
199154
199287
199291
199295
199332
199435
199538
199562
199588
199594
199644
199705
199729
199762
199777
199808
199817
199874
200005
200100
200103
200136
200148
200249
200258
200354
200563
200845
200850
200879
200974
201027
201103
201205
201282
201317
201378
201457
201482
201508
201622
201725
201750
201759
201771
201773
201922
202078
202104
202165
202173
202203
202228
202242
202267
202317
202344
202370
202376
202425
202440
202590
202686
202752
202865
202900
203097
203119
203122
203441
203535
203558
203587
203652
203744
203849
203865
203870
203931
204000
204028
204230
204237
204251
204288
204339
204349
204626
204699
204759
204775
204833
204969
205176
205324
205399
205497
205578
205617
205715
205960
205998
206245
206248
206283
206371
206411
206524
206527
206537
206554
206572
206888
206959
206969
207113
207206
207299
207353
207404
207436
207464
207514
207554
207949
208031
208035
208241
208396
208416
208514
208541
208562
208876
208881
208885
209230
209341
209485
210146
210220
210412
210648
210674
210970
211016
211056
211072
211258
211670
211817
212143
212244
212686
212765
213008
213103
213362
213380
213810
214564
214905
215194
215697
215766
215991
216458
216807
217161
217479
218473
218794
219807
220710
220824
221566
223708
226686
227684
238959
