176851
178199
182729
183004
184742
187603
190927
191445
192683
193394
194860
195279
195629
195694
196063
196077
196719
196811
197479
198537
199191
199567
199722
200172
200332
200374
200585
200748
201759
202105
202408
202724
202956
203254
203259
203597
203639
203644
203771
203940
204303
204759
204761
204871
205001
205284
205456
206075
206565
207053
207200
207295
207348
208175
208572
208655
209142
209382
209562
209790
209807
209865
209906
210196
210198
210284
210349
210430
210506
210554
210691
211069
211201
211238
211686
212013
212100
212271
212296
212374
212401
212483
212543
212833
212884
213046
213082
213095
213280
213308
213692
213938
213980
214180
214282
214579
214672
214797
214828
215049
215138
215199
215327
215607
215860
215963
216101
216270
216515
216529
216626
216694
216882
217309
217433
217666
217725
217809
217818
217891
218050
218275
218341
218372
218381
218757
218815
218932
218970
219046
219294
219597
219631
219753
219928
220138
220151
220163
220265
220362
220555
220690
220813
220821
220984
221242
221379
221477
221568
221599
221658
221768
221819
221852
222062
222163
222322
222363
222370
222434
222457
222488
222600
222628
222664
222690
222706
222749
222946
223004
223059
223141
223173
223330
223362
223409
223641
223676
223806
223892
223922
223940
224120
224224
224260
224456
224593
224681
224747
224856
224882
225009
225056
225093
225157
225197
225262
225272
225298
225446
225495
225674
225681
225697
225749
225837
225853
225881
225898
226072
226081
226308
226413
226430
226494
226770
226846
226879
226903
226911
226935
227097
227282
227455
227612
227619
227689
227698
227723
227822
227825
227827
227999
228052
228154
228210
228224
228237
228399
228404
228447
228496
228688
228694
228822
229128
229183
229248
229323
229567
229728
229781
229800
229919
229934
229974
230082
230142
230246
230405
230412
230529
230586
230620
230644
230659
230813
230861
231186
231213
231245
231261
231624
231770
231981
232018
232030
232130
232160
232311
232427
232511
232512
232605
232717
232726
232809
232838
232924
233058
233066
233163
233185
233186
233308
233384
233514
233553
233661
233663
233711
233756
233763
233803
233814
233830
233896
234000
234007
234120
234262
234283
234362
234374
234411
234457
234556
234581
234612
234785
234887
235262
235344
235455
235732
235733
236133
236323
236429
236670
236726
236814
236845
236846
236877
236974
237145
237152
237726
237787
237816
237935
238038
238139
238218
238220
238355
238368
238382
238493
238509
238904
239013
239026
239033
239039
239046
239146
239163
239263
239316
239569
239580
239598
239609
239662
239722
239817
239832
239847
239856
239979
240454
240525
240692
240832
240959
241011
241111
241150
241158
241159
241432
241537
241538
241813
241828
242006
242071
242113
242609
242699
242725
242767
242848
242895
243194
243221
243431
243523
243689
243735
243776
244053
244114
244165
244328
244685
245008
245194
245429
245827
245994
246125
246188
246413
246812
246973
246995
247533
247544
247582
247796
247827
247915
247985
248016
248157
248175
248251
248437
248535
248604
248611
248631
248670
248801
248883
248905
249093
249138
249342
249357
249716
249770
249885
249982
250142
250152
250255
250270
250373
250443
250767
252366
252492
253124
253307
253428
253505
253651
253827
255569
255594
255904
255998
256048
256436
256692
256723
256983
257571
258245
259286
259531
259677
260022
260175
260334
260782
261873
262034
262317
264275
265808
266413
266901
268520
269798
272830
