9836
10318
11576
12066
12300
12406
12424
12722
12762
12793
12943
12948
12977
13481
13602
13652
13804
13854
13889
13897
13935
14015
14167
14187
14377
14408
14460
14496
14583
14671
14831
14832
14864
14877
14968
15122
15165
15309
15352
15455
15555
15652
15661
15668
15700
15709
15731
15821
15872
15939
15978
16016
16026
16042
16058
16095
16160
16178
16185
16229
16229
16271
16279
16313
16314
16374
16455
16468
16492
16507
16635
16704
16722
16744
16773
16806
16811
16827
16851
16895
16984
17003
17013
17031
17037
17058
17090
17148
17150
17176
17230
17277
17300
17381
17396
17426
17444
17447
17484
17517
17693
17693
17708
17731
17761
17802
17824
17878
17883
17892
17943
17949
17949
17959
17982
18036
18047
18067
18139
18149
18196
18203
18221
18235
18236
18237
18238
18267
18336
18349
18373
18388
18409
18441
18477
18484
18485
18571
18594
18640
18658
18675
18700
18708
18797
18890
18913
18915
18920
18938
18978
18984
19034
19038
19042
19072
19089
19130
19141
19155
19180
19183
19186
19198
19245
19296
19319
19340
19343
19350
19389
19392
19403
19405
19420
19478
19487
19568
19569
19571
19573
19587
19588
19619
19622
19630
19637
19655
19685
19697
19730
19749
19760
19790
19798
19806
19841
19843
19880
19881
19885
19886
19955
19956
19958
19998
20009
20018
20031
20037
20038
20095
20096
20097
20121
20127
20164
20191
20192
20212
20231
20234
20235
20253
20280
20295
20313
20325
20334
20342
20353
20371
20433
20481
20489
20495
20497
20508
20567
20577
20596
20608
20625
20626
20642
20646
20653
20659
20680
20682
20703
20710
20717
20754
20767
20790
20828
20842
20905
20932
20941
20953
20972
20974
20979
20983
20991
21005
21006
21040
21046
21066
21080
21081
21103
21131
21131
21132
21136
21146
21157
21193
21193
21209
21216
21229
21239
21255
21268
21270
21270
21277
21285
21292
21306
21314
21319
21320
21338
21363
21364
21365
21386
21386
21387
21396
21401
21419
21423
21431
21439
21440
21451
21476
21477
21481
21489
21534
21545
21561
21579
21579
21582
21594
21601
21615
21617
21633
21635
21648
21711
21711
21711
21712
21712
21713
21715
21729
21738
21754
21755
21778
21794
21810
21829
21840
21848
21852
21854
21860
21865
21916
21928
21929
21931
21958
21980
21988
22015
22023
22024
22025
22028
22033
22034
22035
22036
22048
22049
22071
22086
22093
22100
22102
22103
22103
22118
22145
22146
22152
22152
22178
22189
22212
22217
22231
22245
22245
22284
22293
22303
22304
22317
22317
22323
22330
22350
22360
22365
22393
22397
22401
22403
22414
22423
22424
22439
22440
22443
22469
22469
22480
22491
22494
22508
22519
22526
22533
22539
22549
22550
22551
22551
22552
22563
22563
22563
22566
22588
22611
22650
22669
22672
22680
22692
22693
22708
22726
22729
22729
22734
22735
22736
22758
22761
22769
22781
22837
22841
22842
22847
22849
22851
22865
22888
22892
22952
22970
22989
22993
23005
23029
23034
23038
23046
23048
23052
23057
23057
23059
23064
23065
23067
23072
23075
23076
23086
23097
23111
23120
23126
23133
23139
23165
23165
23166
23175
23212
23217
23244
23249
23250
23251
23256
23257
23266
23274
23274
23278
23284
23292
23294
23294
23302
23316
23317
23318
23318
23335
23354
23377
23391
23392
23412
23412
23435
23455
23457
23500
23505
23510
23516
23519
23523
23531
23535
23536
23541
23542
23550
23579
23582
23588
23596
23606
23615
23620
23622
23622
23624
23640
23642
23644
23645
23674
23678
23685
23687
23691
23696
23703
23707
23708
23721
23722
23722
23732
23733
23748
23754
23756
23762
23773
23777
23781
23794
23795
23810
23813
23821
23822
23833
23855
23867
23885
23886
23888
23892
23895
23903
23905
23918
23921
23926
23930
23931
23951
23954
23964
23979
23982
23983
23997
24007
24016
24025
24030
24032
24035
24038
24055
24064
24066
24067
24069
24070
24071
24085
24085
24089
24092
24106
24109
24113
24121
24128
24131
24135
24138
24143
24146
24150
24169
24181
24185
24190
24197
24210
24212
24225
24228
24230
24239
24244
24244
24251
24257
24301
24310
24320
24339
24351
24351
24353
24365
24368
24386
24387
24391
24407
24420
24426
24444
24447
24452
24453
24454
24458
24462
24462
24471
24475
24478
24485
24487
24488
24489
24489
24497
24498
24506
24528
24532
24535
24538
24538
24547
24578
24584
24590
24606
24611
24611
24617
24648
24653
24673
24674
24680
24694
24699
24703
24707
24715
24716
24720
24726
24730
24730
24731
24750
24751
24761
24766
24767
24771
24779
24784
24796
24805
24809
24814
24818
24824
24825
24830
24832
24840
24844
24849
24851
24856
24858
24860
24869
24869
24872
24874
24893
24895
24896
24910
24912
24925
24933
24968
24969
24969
24971
24979
24987
24990
24993
25003
25010
25013
25020
25030
25039
25042
25053
25058
25063
25068
25073
25078
25081
25084
25089
25090
25122
25122
25130
25134
25139
25141
25145
25150
25151
25154
25155
25155
25157
25161
25183
25198
25200
25205
25212
25212
25223
25226
25230
25232
25232
25238
25245
25254
25258
25258
25267
25272
25279
25288
25292
25298
25312
25337
25339
25352
25379
25384
25387
25390
25392
25395
25407
25409
25415
25420
25420
25422
25427
25440
25453
25457
25457
25459
25461
25463
25467
25493
25496
25497
25497
25504
25514
25518
25524
25532
25538
25538
25542
25543
25545
25576
25581
25594
25613
25615
25618
25622
25630
25630
25633
25636
25639
25642
25662
25665
25669
25686
25687
25695
25698
25698
25704
25704
25705
25711
25712
25728
25739
25745
25749
25757
25761
25773
25777
25793
25794
25797
25800
25801
25806
25807
25815
25824
25834
25838
25845
25857
25859
25869
25871
25877
25880
25885
25888
25894
25902
25916
25920
25926
25941
25947
25965
25974
25988
25988
25990
25990
26006
26007
26017
26023
26026
26034
26047
26049
26057
26058
26071
26078
26081
26088
26094
26101
26107
26109
26109
26115
26119
26121
26145
26146
26158
26170
26170
26175
26176
26206
26212
26213
26214
26218
26222
26226
26235
26240
26261
26265
26270
26276
26284
26294
26304
26313
26318
26319
26323
26327
26328
26334
26334
26336
26337
26337
26339
26342
26350
26354
26359
26367
26368
26369
26373
26379
26381
26389
26391
26406
26412
26421
26424
26427
26428
26428
26431
26437
26440
26441
26461
26461
26464
26465
26468
26469
26471
26475
26478
26479
26495
26500
26512
26515
26517
26519
26544
26554
26559
26568
26569
26570
26578
26603
26605
26605
26607
26620
26621
26626
26628
26634
26635
26637
26645
26650
26650
26659
26659
26665
26676
26680
26690
26700
26700
26717
26718
26722
26724
26729
26729
26746
26747
26763
26774
26791
26792
26793
26812
26813
26823
26848
26850
26854
26856
26864
26864
26866
26874
26874
26883
26893
26896
26896
26896
26913
26922
26928
26932
26936
26941
26950
26954
26955
26959
26979
26985
26987
26990
26994
27006
27015
27028
27033
27053
27054
27071
27078
27080
27080
27089
27110
27112
27115
27118
27122
27128
27131
27132
27135
27144
27146
27153
27159
27169
27175
27178
27180
27183
27195
27197
27201
27202
27205
27210
27211
27213
27215
27216
27227
27250
27255
27259
27268
27270
27270
27276
27283
27285
27286
27290
27299
27299
27302
27331
27334
27335
27342
27343
27358
27368
27373
27377
27379
27381
27401
27404
27405
27412
27424
27425
27427
27433
27440
27447
27453
27458
27459
27465
27466
27473
27478
27483
27495
27506
27507
27516
27525
27528
27531
27538
27538
27540
27548
27550
27556
27562
27570
27573
27586
27590
27592
27592
27595
27600
27603
27607
27609
27618
27618
27619
27634
27634
27642
27652
27663
27673
27688
27688
27689
27689
27701
27707
27708
27715
27728
27735
27739
27739
27741
27741
27742
27749
27755
27755
27759
27762
27768
27770
27774
27783
27784
27786
27790
27812
27814
27814
27827
27832
27838
27845
27847
27862
27866
27873
27884
27901
27915
27921
27924
27926
27933
27935
27937
27938
27941
27942
27972
27984
27998
28007
28010
28022
28028
28031
28037
28049
28052
28055
28057
28057
28059
28060
28069
28072
28075
28077
28080
28083
28099
28112
28126
28126
28128
28128
28134
28138
28141
28164
28179
28191
28211
28211
28219
28224
28226
28229
28232
28235
28235
28238
28238
28247
28248
28259
28260
28263
28277
28291
28292
28295
28296
28320
28327
28328
28328
28328
28344
28345
28350
28354
28362
28365
28370
28371
28372
28373
28373
28382
28392
28392
28395
28399
28401
28407
28424
28430
28431
28432
28441
28446
28447
28448
28457
28464
28464
28464
28467
28486
28489
28491
28491
28503
28506
28507
28511
28514
28514
28515
28542
28543
28545
28549
28559
28565
28565
28569
28571
28575
28578
28579
28580
28591
28595
28597
28608
28610
28625
28628
28628
28628
28629
28653
28654
28657
28658
28659
28665
28672
28688
28691
28695
28699
28702
28703
28721
28727
28735
28736
28739
28746
28753
28754
28757
28765
28776
28777
28778
28781
28784
28804
28818
28819
28830
28833
28836
28839
28840
28843
28847
28849
28861
28862
28866
28884
28888
28890
28895
28896
28897
28900
28905
28927
28928
28931
28935
28940
28943
28949
28957
28959
28968
28970
28970
28975
28982
28987
28995
29013
29021
29024
29034
29040
29040
29042
29044
29051
29054
29056
29063
29076
29084
29086
29087
29091
29095
29097
29099
29105
29111
29114
29115
29124
29124
29126
29130
29131
29137
29141
29147
29148
29153
29153
29154
29160
29162
29168
29177
29191
29192
29192
29211
29215
29216
29217
29219
29226
29228
29230
29241
29256
29278
29281
29282
29283
29283
29309
29313
29316
29327
29331
29337
29341
29344
29344
29346
29347
29357
29362
29367
29369
29370
29373
29392
29394
29399
29409
29413
29415
29426
29427
29427
29440
29443
29445
29445
29447
29459
29462
29472
29475
29497
29511
29516
29517
29518
29519
29521
29530
29546
29548
29551
29556
29561
29561
29562
29563
29570
29577
29582
29589
29593
29597
29600
29602
29606
29611
29616
29617
29626
29633
29635
29644
29646
29648
29649
29650
29653
29657
29658
29659
29662
29671
29677
29680
29681
29686
29690
29690
29691
29693
29695
29699
29699
29700
29709
29714
29718
29723
29725
29730
29731
29733
29734
29745
29749
29757
29762
29768
29778
29780
29783
29786
29787
29800
29808
29810
29814
29816
29826
29829
29829
29832
29837
29855
29868
29871
29875
29875
29878
29879
29883
29885
29892
29893
29893
29894
29896
29905
29907
29907
29911
29913
29923
29929
29930
29930
29932
29942
29943
29948
29958
29960
29966
29967
29991
29994
30000
30001
30007
30014
30016
30018
30030
30031
30042
30043
30049
30052
30053
30054
30055
30057
30067
30069
30072
30072
30077
30080
30093
30105
30109
30110
30127
30129
30132
30134
30137
30138
30141
30153
30160
30166
30167
30174
30183
30183
30191
30194
30197
30207
30209
30221
30226
30228
30237
30247
30248
30249
30252
30252
30259
30263
30272
30273
30278
30289
30298
30300
30312
30314
30315
30324
30325
30326
30356
30358
30359
30361
30374
30377
30378
30378
30379
30380
30383
30390
30392
30392
30398
30401
30402
30408
30425
30427
30428
30433
30442
30450
30456
30460
30462
30464
30466
30472
30477
30491
30492
30493
30497
30499
30502
30519
30520
30532
30535
30537
30546
30554
30557
30561
30562
30567
30574
30580
30581
30586
30588
30603
30610
30622
30623
30641
30644
30652
30663
30665
30669
30669
30675
30680
30682
30686
30697
30703
30704
30709
30710
30717
30720
30720
30724
30728
30728
30733
30739
30745
30745
30752
30752
30770
30771
30778
30781
30786
30788
30791
30796
30797
30805
30813
30814
30816
30822
30823
30825
30828
30831
30835
30841
30843
30859
30863
30863
30863
30866
30868
30870
30873
30886
30887
30889
30894
30901
30902
30903
30909
30910
30920
30920
30921
30930
30933
30938
30945
30945
30952
30956
30964
30969
30969
30971
30978
30980
30980
30991
30993
30996
30998
31011
31014
31015
31020
31022
31036
31041
31041
31042
31053
31057
31069
31070
31085
31085
31088
31089
31097
31101
31103
31120
31141
31149
31162
31164
31169
31171
31172
31175
31194
31201
31201
31213
31214
31218
31218
31221
31228
31229
31233
31234
31235
31239
31252
31254
31254
31261
31264
31266
31272
31273
31275
31275
31276
31277
31281
31282
31286
31287
31297
31305
31305
31307
31308
31312
31326
31329
31335
31342
31347
31353
31354
31355
31358
31360
31366
31370
31374
31375
31380
31382
31384
31386
31388
31388
31392
31399
31402
31406
31407
31411
31419
31419
31422
31424
31436
31439
31444
31445
31446
31455
31458
31460
31462
31462
31470
31480
31484
31485
31487
31496
31497
31500
31509
31515
31516
31521
31521
31525
31527
31535
31545
31550
31555
31556
31565
31569
31569
31578
31581
31584
31584
31587
31598
31608
31609
31610
31611
31619
31621
31625
31631
31635
31645
31648
31652
31660
31660
31672
31676
31678
31680
31685
31692
31694
31697
31700
31701
31708
31714
31720
31731
31732
31733
31734
31735
31736
31737
31747
31763
31764
31767
31784
31788
31792
31800
31803
31804
31807
31812
31814
31815
31821
31822
31822
31823
31824
31827
31827
31829
31835
31851
31852
31858
31868
31870
31881
31885
31888
31889
31890
31897
31898
31904
31909
31910
31917
31929
31931
31939
31965
31972
31973
31974
31977
31982
31982
32004
32009
32010
32021
32023
32027
32031
32031
32042
32043
32043
32044
32045
32045
32051
32053
32063
32066
32070
32070
32074
32074
32076
32077
32080
32081
32088
32091
32094
32095
32099
32105
32109
32125
32127
32131
32132
32135
32144
32148
32153
32157
32163
32177
32189
32189
32194
32195
32197
32202
32205
32215
32231
32234
32236
32236
32239
32242
32248
32250
32250
32271
32274
32278
32280
32282
32284
32288
32289
32302
32312
32312
32312
32318
32320
32320
32322
32329
32329
32330
32330
32347
32351
32358
32359
32364
32364
32369
32374
32376
32378
32382
32385
32393
32398
32399
32401
32407
32409
32414
32429
32435
32442
32444
32453
32454
32460
32462
32473
32473
32476
32478
32487
32492
32499
32502
32516
32530
32534
32540
32540
32546
32549
32550
32557
32563
32564
32581
32591
32599
32605
32605
32619
32628
32629
32633
32637
32641
32652
32655
32660
32671
32678
32685
32688
32699
32704
32709
32713
32717
32723
32726
32729
32741
32747
32748
32750
32751
32751
32752
32755
32772
32775
32779
32782
32783
32784
32788
32793
32797
32803
32807
32819
32823
32825
32837
32838
32839
32848
32849
32851
32854
32857
32863
32865
32866
32874
32874
32878
32881
32885
32891
32892
32892
32897
32898
32898
32900
32909
32913
32925
32933
32933
32935
32937
32937
32945
32951
32952
32955
32955
32961
32963
32963
32964
32966
32968
32981
32982
32988
32989
32992
32994
33000
33000
33026
33026
33031
33036
33064
33067
33075
33077
33077
33080
33081
33082
33083
33090
33098
33110
33112
33121
33132
33132
33136
33144
33147
33148
33153
33155
33156
33157
33165
33172
33176
33180
33182
33183
33186
33190
33194
33199
33207
33216
33218
33220
33223
33224
33237
33243
33244
33247
33250
33256
33260
33270
33274
33282
33284
33287
33289
33299
33302
33303
33312
33316
33324
33325
33327
33337
33337
33338
33344
33345
33345
33349
33350
33351
33368
33372
33376
33377
33383
33383
33387
33388
33396
33400
33403
33403
33405
33414
33414
33420
33424
33425
33436
33438
33440
33442
33444
33458
33458
33463
33464
33464
33469
33482
33487
33488
33498
33503
33509
33522
33523
33527
33527
33529
33529
33541
33543
33543
33546
33552
33560
33568
33573
33574
33579
33582
33583
33584
33584
33584
33588
33590
33591
33593
33599
33604
33604
33610
33612
33616
33619
33623
33629
33633
33634
33640
33646
33651
33654
33657
33658
33665
33667
33671
33674
33675
33679
33683
33685
33691
33695
33714
33725
33733
33734
33736
33744
33747
33749
33753
33757
33762
33765
33770
33771
33773
33775
33784
33787
33802
33815
33815
33819
33821
33828
33831
33836
33847
33847
33850
33854
33864
33865
33876
33877
33879
33898
33904
33910
33912
33914
33922
33923
33924
33929
33934
33936
33959
33965
33972
33972
33998
34000
34001
34005
34006
34014
34024
34032
34040
34040
34041
34059
34063
34073
34093
34096
34098
34099
34100
34100
34101
34103
34106
34111
34111
34117
34119
34123
34130
34134
34136
34137
34138
34143
34143
34147
34150
34153
34157
34158
34161
34175
34178
34178
34180
34182
34189
34189
34209
34218
34221
34232
34234
34241
34243
34244
34247
34252
34255
34273
34296
34302
34309
34318
34324
34329
34341
34343
34344
34346
34347
34349
34350
34353
34376
34379
34387
34388
34389
34402
34409
34413
34415
34418
34422
34438
34442
34447
34450
34455
34460
34465
34469
34472
34473
34474
34475
34477
34479
34482
34485
34491
34505
34506
34507
34508
34512
34513
34519
34520
34525
34527
34528
34536
34551
34558
34570
34571
34573
34578
34586
34587
34588
34588
34594
34603
34608
34612
34615
34622
34626
34628
34630
34631
34632
34640
34643
34646
34655
34656
34663
34684
34696
34700
34705
34706
34706
34708
34712
34714
34722
34723
34727
34727
34732
34734
34736
34737
34743
34750
34754
34766
34767
34773
34782
34792
34792
34811
34825
34834
34834
34835
34839
34843
34856
34861
34867
34868
34870
34876
34877
34899
34910
34910
34918
34920
34921
34923
34940
34941
34943
34944
34946
34949
34949
34953
34958
34959
34962
34970
34970
34970
34974
34980
34989
34991
35004
35012
35014
35015
35022
35029
35029
35036
35043
35047
35049
35051
35055
35057
35061
35063
35077
35093
35107
35114
35124
35130
35133
35139
35141
35144
35153
35156
35162
35174
35174
35176
35179
35183
35185
35190
35201
35207
35211
35212
35219
35221
35223
35226
35229
35250
35252
35275
35276
35279
35280
35281
35282
35284
35294
35295
35296
35297
35297
35305
35312
35320
35329
35332
35332
35336
35343
35346
35352
35354
35363
35368
35380
35382
35387
35390
35411
35423
35428
35431
35431
35441
35442
35445
35446
35452
35453
35454
35455
35458
35474
35478
35485
35486
35491
35495
35497
35508
35525
35526
35527
35532
35541
35543
35550
35550
35552
35559
35563
35567
35569
35570
35575
35575
35578
35583
35586
35590
35591
35598
35603
35606
35618
35638
35646
35650
35652
35652
35653
35657
35667
35668
35686
35690
35692
35704
35708
35714
35715
35715
35717
35719
35739
35740
35742
35743
35748
35750
35753
35754
35755
35761
35765
35769
35769
35787
35805
35807
35812
35820
35830
35833
35838
35840
35842
35855
35856
35857
35862
35875
35877
35879
35880
35887
35892
35897
35901
35909
35914
35923
35925
35926
35929
35942
35944
35955
35963
35966
35966
35970
35979
35980
35987
35990
35991
36000
36004
36007
36010
36013
36027
36037
36045
36045
36053
36056
36056
36067
36095
36096
36098
36100
36111
36111
36121
36125
36134
36137
36139
36140
36141
36142
36147
36148
36158
36164
36173
36174
36181
36188
36189
36191
36192
36196
36197
36204
36207
36211
36215
36218
36222
36227
36240
36241
36252
36260
36264
36270
36273
36278
36278
36289
36299
36302
36322
36323
36324
36325
36326
36333
36340
36372
36373
36378
36387
36402
36412
36425
36427
36429
36435
36445
36454
36455
36463
36467
36482
36487
36494
36496
36502
36504
36510
36521
36530
36546
36547
36549
36555
36565
36581
36583
36605
36617
36618
36625
36627
36629
36631
36639
36643
36644
36661
36670
36670
36672
36672
36675
36677
36678
36683
36684
36686
36687
36693
36697
36699
36703
36706
36710
36717
36722
36723
36726
36730
36749
36756
36761
36771
36771
36772
36781
36818
36821
36836
36836
36850
36852
36854
36863
36874
36879
36885
36888
36891
36891
36908
36929
36936
36946
36955
36957
36965
36966
36980
36983
36994
36996
37001
37003
37005
37009
37013
37015
37028
37032
37042
37045
37062
37070
37083
37089
37090
37092
37093
37096
37110
37114
37120
37142
37143
37143
37145
37148
37157
37160
37160
37165
37190
37190
37204
37212
37212
37222
37224
37230
37231
37235
37235
37260
37277
37286
37287
37292
37296
37298
37300
37306
37307
37309
37318
37323
37346
37351
37354
37355
37368
37369
37373
37373
37374
37384
37384
37390
37418
37421
37427
37428
37429
37430
37433
37447
37459
37460
37461
37477
37478
37484
37485
37493
37498
37505
37507
37522
37523
37530
37540
37548
37554
37555
37560
37566
37577
37589
37593
37619
37619
37620
37621
37627
37641
37647
37660
37660
37665
37672
37673
37675
37701
37703
37714
37725
37736
37740
37743
37750
37757
37764
37768
37771
37776
37779
37782
37786
37790
37798
37803
37803
37805
37820
37823
37827
37828
37834
37840
37847
37850
37851
37861
37863
37865
37879
37880
37883
37887
37889
37893
37898
37898
37910
37912
37913
37915
37917
37918
37926
37932
37937
37949
37956
37963
37964
37972
37974
37974
37979
37984
37987
37994
37995
38000
38001
38002
38003
38003
38004
38006
38021
38026
38027
38028
38035
38040
38041
38047
38048
38051
38054
38055
38075
38077
38077
38082
38088
38093
38097
38098
38098
38102
38110
38110
38148
38153
38159
38162
38166
38174
38187
38190
38202
38205
38213
38222
38223
38227
38240
38241
38276
38287
38288
38298
38303
38312
38332
38332
38333
38338
38346
38348
38348
38353
38354
38360
38361
38369
38373
38377
38391
38393
38393
38397
38401
38411
38411
38416
38416
38422
38424
38427
38428
38455
38457
38463
38464
38466
38466
38471
38472
38473
38474
38476
38478
38479
38487
38489
38495
38496
38500
38500
38511
38515
38548
38555
38571
38579
38586
38589
38590
38599
38607
38616
38623
38626
38636
38642
38648
38669
38675
38684
38685
38685
38689
38691
38693
38718
38721
38729
38743
38752
38753
38763
38771
38782
38803
38804
38806
38817
38819
38823
38825
38830
38830
38841
38857
38871
38873
38885
38886
38908
38911
38922
38925
38942
38943
38946
38954
38978
38981
38983
38992
38995
38996
38998
39009
39010
39030
39031
39033
39034
39043
39047
39065
39067
39074
39075
39077
39079
39096
39112
39116
39120
39121
39124
39145
39154
39161
39168
39185
39214
39218
39219
39226
39228
39233
39242
39243
39246
39251
39257
39265
39279
39287
39288
39288
39300
39304
39316
39320
39331
39335
39348
39355
39356
39371
39379
39390
39400
39400
39400
39404
39422
39436
39450
39452
39460
39463
39478
39497
39502
39505
39506
39517
39523
39527
39530
39539
39541
39545
39551
39555
39555
39574
39575
39586
39595
39596
39611
39613
39614
39616
39626
39631
39635
39648
39672
39673
39677
39683
39684
39688
39700
39702
39705
39707
39716
39718
39728
39729
39729
39737
39738
39741
39750
39750
39750
39751
39765
39768
39782
39798
39801
39810
39813
39816
39835
39841
39841
39845
39849
39862
39866
39866
39875
39896
39904
39911
39928
39940
39943
39949
39953
39964
39966
39985
39985
39987
40003
40005
40007
40019
40022
40025
40027
40030
40047
40048
40049
40056
40058
40059
40065
40073
40077
40078
40087
40108
40126
40133
40135
40150
40153
40162
40165
40167
40170
40172
40180
40182
40186
40199
40203
40217
40217
40231
40242
40244
40247
40258
40297
40300
40306
40308
40313
40344
40374
40421
40430
40436
40443
40443
40470
40481
40481
40489
40492
40493
40494
40509
40521
40524
40527
40529
40538
40575
40584
40599
40601
40610
40614
40615
40629
40636
40649
40656
40676
40677
40681
40682
40683
40692
40706
40707
40708
40721
40728
40749
40750
40757
40758
40759
40761
40765
40784
40789
40798
40802
40809
40813
40815
40823
40841
40856
40859
40865
40873
40892
40910
40913
40930
40931
40941
40953
40953
40957
40965
40965
40970
40971
40982
40993
40997
41016
41019
41022
41042
41046
41049
41052
41053
41057
41065
41077
41082
41093
41105
41118
41134
41147
41173
41187
41197
41219
41227
41247
41285
41286
41307
41314
41318
41331
41340
41343
41346
41349
41355
41356
41367
41369
41371
41376
41377
41392
41433
41439
41461
41467
41477
41482
41492
41530
41548
41588
41597
41600
41601
41601
41610
41623
41632
41640
41643
41654
41664
41671
41689
41701
41702
41713
41715
41715
41730
41745
41758
41760
41776
41780
41782
41799
41810
41826
41834
41844
41854
41856
41869
41871
41881
41894
41899
41911
41918
41926
41958
41961
41968
41977
41979
41980
41980
41988
42000
42007
42011
42025
42027
42040
42041
42045
42049
42063
42076
42080
42083
42095
42107
42127
42129
42131
42137
42144
42153
42153
42153
42154
42170
42173
42177
42177
42185
42208
42224
42229
42231
42242
42253
42273
42288
42300
42317
42317
42331
42346
42351
42357
42371
42390
42395
42402
42406
42415
42423
42430
42484
42489
42493
42506
42511
42526
42530
42534
42540
42582
42585
42598
42608
42612
42620
42620
42629
42630
42636
42647
42652
42671
42678
42694
42699
42704
42726
42735
42737
42743
42748
42770
42774
42778
42782
42828
42833
42840
42875
42876
42896
42915
42926
42965
43010
43011
43011
43044
43053
43109
43123
43125
43143
43144
43156
43156
43170
43185
43201
43211
43236
43265
43284
43291
43295
43313
43313
43327
43330
43338
43344
43350
43360
43369
43382
43398
43398
43412
43419
43451
43459
43482
43521
43527
43531
43550
43559
43563
43584
43586
43586
43615
43636
43642
43643
43656
43665
43670
43694
43695
43702
43724
43729
43729
43766
43788
43791
43808
43809
43819
43844
43884
43886
43890
43919
43925
43926
43928
43947
44006
44023
44027
44037
44040
44045
44057
44075
44080
44092
44106
44113
44122
44151
44174
44184
44210
44216
44226
44229
44263
44266
44276
44279
44283
44289
44291
44298
44340
44347
44350
44364
44382
44391
44395
44404
44425
44432
44439
44455
44459
44475
44483
44490
44495
44514
44528
44528
44561
44562
44565
44587
44631
44704
44706
44708
44711
44715
44731
44743
44759
44768
44771
44865
44868
44870
44886
44890
44894
44906
44932
44941
44964
44971
44985
45001
45011
45011
45011
45025
45029
45040
45047
45083
45084
45151
45184
45252
45256
45285
45293
45294
45304
45321
45321
45344
45377
45388
45402
45410
45415
45416
45433
45436
45436
45447
45476
45504
45508
45526
45563
45613
45636
45677
45701
45757
45805
45813
45815
45822
45837
45889
45907
45915
45937
45942
45945
45951
45951
45958
45993
46006
46084
46121
46167
46170
46179
46231
46232
46245
46262
46298
46351
46383
46402
46419
46446
46459
46468
46477
46498
46511
46555
46569
46570
46593
46614
46628
46629
46666
46688
46750
46754
46758
46826
46835
46836
46887
46901
46948
46951
47009
47041
47097
47117
47118
47164
47174
47178
47178
47212
47215
47264
47276
47286
47290
47307
47308
47326
47339
47404
47412
47432
47469
47469
47482
47531
47579
47597
47636
47639
47645
47646
47667
47700
47736
47776
47779
47802
47860
47887
47915
47919
47931
47939
47962
47970
47971
48023
48032
48035
48055
48064
48077
48133
48178
48196
48203
48229
48247
48279
48306
48332
48398
48417
48420
48421
48481
48494
48508
48551
48578
48579
48583
48584
48587
48599
48637
48647
48668
48682
48696
48741
48782
48835
48841
48876
48881
48891
48894
48951
48952
48972
48996
48997
49018
49040
49047
49088
49089
49099
49111
49140
49145
49225
49241
49261
49302
49326
49327
49382
49447
49452
49455
49478
49502
49568
49626
49627
49664
49727
49750
49752
49770
49834
49877
49928
49974
50097
50162
50164
50192
50197
50230
50281
50296
50362
50454
50505
50522
50540
50559
50658
50661
50671
50709
50932
50936
50993
51029
51088
51113
51122
51201
51253
51297
51363
51411
51427
51558
51620
51688
51895
51904
51979
52015
52052
52086
52215
52244
52321
52327
52395
52407
52499
52604
52649
52659
52829
52830
52862
52894
53238
53279
53297
53558
53758
53781
53812
53883
54033
54228
54285
54539
54588
54674
54927
55385
55494
55642
56035
56376
56486
57189
57360
57631
57995
58078
60025
60322
60621
61060
62178
