112565
115269
115668
115951
119997
120575
121022
121550
121675
121736
122419
122628
122856
123063
123528
123612
124234
124378
125092
125255
125454
125489
126009
126314
126679
126930
126969
127143
127280
127321
127700
127912
128537
128562
128988
129005
129062
129197
129618
129675
129747
129871
129878
130044
130223
130272
130556
130602
130650
130694
130769
130902
131033
131273
131492
131523
131756
131771
131842
132379
132513
132533
132585
132746
132982
133000
133047
133104
133209
133274
133821
133828
134063
134103
134232
134674
134934
134975
135042
135061
135089
135223
135349
135455
135536
135570
135786
135870
135911
135977
135981
135993
136152
136250
136260
136384
136419
136421
136458
136555
136565
136628
136643
136649
136684
136696
136726
136797
136841
136935
137174
137316
137335
137521
137531
137654
137667
137720
137767
137813
137828
137872
137893
137997
138010
138088
138126
138181
138209
138212
138275
138572
138601
138878
138966
138985
139015
139091
139110
139169
139190
139245
139268
139296
139339
139353
139385
139405
139479
139520
139562
139568
139594
139607
139643
139666
139831
139835
140026
140082
140125
140159
140192
140347
140426
140507
140657
140672
140747
140951
140999
141003
141008
141039
141040
141148
141168
141335
141367
141403
141421
141505
141521
141615
141627
141665
141778
141793
141828
141905
141939
142009
142047
142071
142106
142301
142316
142415
142460
142489
142492
142507
142529
142597
142673
142863
142878
142889
142905
142908
142923
142934
142936
142989
143022
143036
143046
143059
143083
143114
143209
143304
143305
143353
143418
143438
143502
143523
143528
143535
143541
143544
143580
143594
143673
143724
143833
143837
143863
143869
143928
143935
143982
144015
144028
144054
144066
144094
144155
144252
144281
144386
144497
144577
144624
144627
144669
144682
144750
144877
144924
144941
145073
145104
145125
145131
145137
145225
145246
145262
145291
145295
145306
145370
145402
145405
145424
145472
145496
145518
145518
145538
145549
145579
145607
145607
145668
145677
145728
145732
145733
145750
145763
145805
145840
145905
145943
145971
145975
145980
146022
146049
146061
146109
146155
146212
146243
146263
146274
146301
146313
146344
146394
146437
146519
146542
146590
146602
146603
146657
146666
146675
146698
146725
146743
146846
146866
146870
146909
146987
146988
147044
147071
147093
147104
147121
147148
147149
147169
147175
147180
147199
147202
147216
147218
147234
147262
147288
147329
147340
147344
147367
147370
147392
147487
147565
147608
147615
147695
147717
147744
147771
147776
147784
147787
147812
147860
147888
147890
147903
147952
147983
147989
147992
147997
148007
148031
148070
148100
148149
148186
148203
148213
148214
148231
148233
148251
148278
148308
148367
148412
148420
148442
148446
148473
148489
148512
148516
148539
148541
148566
148573
148588
148596
148624
148638
148670
148692
148699
148712
148784
148800
148816
148838
148864
148901
148906
148929
148956
148956
148994
149008
149012
149014
149023
149035
149038
149045
149060
149089
149099
149128
149140
149212
149232
149269
149288
149354
149371
149402
149405
149406
149408
149412
149435
149437
149515
149576
149609
149613
149615
149695
149699
149714
149727
149852
149922
149931
149953
149989
150076
150092
150111
150121
150147
150155
150173
150239
150249
150263
150274
150309
150348
150402
150404
150505
150509
150536
150542
150544
150550
150585
150587
150594
150625
150635
150636
150645
150664
150678
150688
150688
150692
150750
150855
150861
150862
150924
150942
150972
151010
151034
151042
151044
151100
151114
151115
151123
151137
151170
151176
151204
151241
151277
151298
151305
151315
151339
151351
151360
151363
151395
151416
151433
151453
151493
151542
151545
151547
151606
151612
151638
151645
151656
151664
151684
151696
151698
151706
151724
151730
151760
151766
151766
151770
151785
151797
151802
151817
151831
151833
151835
151836
151836
151850
151861
151910
151917
151931
151947
151958
151994
152019
152024
152027
152032
152040
152043
152045
152052
152075
152104
152108
152114
152125
152150
152150
152168
152221
152257
152271
152279
152334
152380
152388
152398
152490
152491
152509
152511
152515
152525
152528
152533
152538
152550
152553
152569
152569
152580
152585
152607
152608
152622
152660
152670
152680
152684
152734
152744
152758
152762
152762
152813
152817
152818
152831
152840
152858
152858
152871
152883
152902
152902
152903
152920
152920
152945
152982
152987
153005
153005
153022
153024
153033
153033
153053
153076
153107
153113
153135
153141
153155
153161
153169
153169
153182
153184
153185
153217
153218
153228
153258
153269
153284
153297
153322
153330
153343
153344
153384
153406
153418
153439
153456
153524
153533
153547
153548
153557
153568
153614
153618
153620
153621
153623
153629
153636
153661
153668
153688
153696
153715
153734
153735
153743
153746
153781
153791
153802
153807
153844
153852
153853
153871
153905
153928
153930
153957
153962
154008
154016
154028
154033
154034
154041
154047
154056
154073
154089
154089
154111
154144
154155
154158
154161
154186
154246
154259
154265
154284
154291
154300
154315
154316
154328
154350
154358
154361
154372
154376
154419
154427
154430
154440
154483
154487
154497
154565
154567
154582
154599
154618
154619
154651
154662
154678
154716
154723
154770
154778
154795
154799
154804
154831
154848
154886
154894
154898
154904
154916
154974
155003
155015
155022
155025
155033
155044
155050
155053
155135
155146
155153
155157
155175
155180
155183
155198
155209
155212
155215
155225
155237
155251
155297
155331
155336
155343
155367
155373
155383
155392
155465
155493
155503
155528
155533
155539
155624
155626
155642
155656
155662
155693
155732
155734
155741
155744
155750
155767
155783
155785
155794
155797
155798
155802
155808
155808
155812
155825
155839
155842
155844
155846
155859
155859
155889
155904
155906
155952
155963
155981
155982
156013
156021
156023
156044
156090
156103
156152
156176
156176
156178
156182
156187
156188
156206
156207
156212
156239
156249
156255
156256
156265
156265
156268
156280
156295
156318
156324
156353
156355
156363
156369
156377
156377
156386
156402
156414
156436
156447
156460
156470
156474
156478
156504
156520
156524
156525
156525
156541
156542
156566
156633
156664
156667
156688
156691
156706
156738
156739
156756
156758
156759
156783
156799
156805
156807
156808
156812
156832
156886
156891
156899
156912
156919
156921
156929
156932
156951
156957
156967
156967
157041
157045
157047
157050
157088
157093
157111
157137
157165
157177
157189
157215
157239
157240
157242
157251
157276
157305
157327
157352
157357
157359
157359
157377
157377
157397
157427
157432
157435
157435
157437
157439
157465
157478
157483
157500
157514
157530
157531
157537
157541
157559
157572
157574
157617
157635
157679
157688
157704
157705
157710
157732
157743
157749
157760
157762
157764
157769
157770
157782
157798
157812
157864
157874
157878
157904
157906
157922
157927
157933
157942
157969
157994
158028
158029
158029
158033
158037
158046
158050
158065
158084
158092
158118
158131
158134
158160
158176
158189
158192
158203
158204
158217
158221
158224
158225
158232
158238
158256
158258
158266
158269
158285
158286
158318
158323
158334
158336
158345
158355
158371
158373
158374
158382
158397
158400
158425
158427
158437
158440
158448
158449
158464
158465
158482
158483
158495
158499
158503
158523
158527
158547
158562
158574
158590
158593
158594
158597
158627
158645
158672
158687
158693
158694
158744
158755
158762
158762
158768
158770
158780
158781
158785
158794
158800
158808
158815
158818
158848
158856
158908
158910
158923
158925
158951
158957
158961
158978
158983
158989
158997
159013
159013
159019
159024
159030
159039
159042
159066
159077
159090
159092
159103
159110
159119
159130
159132
159137
159140
159156
159167
159174
159184
159227
159232
159237
159243
159286
159288
159296
159301
159317
159325
159340
159348
159353
159354
159365
159373
159379
159383
159387
159436
159457
159460
159461
159474
159482
159513
159529
159533
159544
159562
159580
159602
159620
159640
159640
159655
159655
159659
159669
159688
159691
159693
159702
159712
159726
159754
159755
159762
159762
159772
159804
159811
159823
159854
159857
159861
159886
159895
159909
159916
159928
159956
159957
159976
159985
160002
160016
160021
160032
160040
160042
160045
160048
160055
160070
160071
160074
160076
160093
160102
160117
160122
160140
160151
160159
160164
160171
160201
160214
160214
160240
160286
160289
160291
160294
160296
160304
160308
160329
160332
160337
160338
160339
160361
160368
160370
160403
160414
160414
160416
160438
160441
160450
160451
160460
160463
160464
160465
160479
160479
160479
160482
160487
160497
160503
160503
160519
160524
160557
160567
160581
160599
160627
160628
160676
160684
160698
160772
160773
160787
160803
160814
160829
160832
160834
160838
160842
160865
160873
160884
160889
160916
160921
160940
160946
160951
160954
160954
160977
160985
160987
160988
160992
160998
160998
161004
161011
161017
161026
161028
161032
161053
161056
161063
161075
161092
161093
161104
161115
161118
161123
161132
161140
161157
161175
161176
161182
161187
161188
161194
161197
161224
161225
161236
161244
161284
161284
161309
161374
161381
161399
161427
161432
161434
161458
161461
161474
161489
161497
161503
161540
161541
161550
161562
161569
161581
161588
161590
161594
161596
161601
161605
161606
161606
161613
161623
161626
161634
161634
161636
161645
161663
161664
161690
161696
161698
161699
161705
161709
161710
161716
161729
161734
161748
161750
161763
161765
161773
161776
161779
161785
161824
161828
161828
161830
161834
161860
161866
161869
161872
161878
161895
161901
161912
161915
161934
161941
161961
161965
161968
161993
162017
162022
162023
162040
162043
162051
162060
162066
162072
162077
162081
162084
162087
162114
162128
162131
162136
162139
162140
162143
162151
162170
162185
162204
162208
162219
162220
162224
162230
162237
162241
162243
162258
162261
162262
162271
162275
162280
162281
162283
162287
162301
162329
162331
162348
162363
162374
162403
162414
162424
162426
162427
162442
162445
162447
162451
162453
162454
162457
162466
162467
162481
162502
162504
162506
162507
162523
162537
162538
162606
162622
162639
162650
162653
162664
162678
162700
162714
162724
162735
162744
162748
162762
162782
162783
162820
162834
162841
162851
162865
162888
162897
162941
162945
162966
162972
162977
162979
163025
163026
163037
163089
163089
163096
163109
163110
163145
163145
163156
163160
163180
163190
163206
163225
163250
163253
163264
163289
163295
163311
163327
163332
163404
163407
163414
163415
163443
163466
163467
163476
163491
163499
163509
163509
163520
163530
163567
163572
163573
163573
163579
163594
163608
163622
163625
163627
163638
163660
163670
163673
163673
163676
163689
163689
163704
163711
163713
163716
163717
163727
163728
163731
163762
163770
163771
163774
163776
163800
163804
163818
163822
163829
163840
163851
163873
163885
163889
163893
163896
163910
163918
163922
163931
163939
163942
163952
163954
163961
163962
163981
164021
164022
164029
164045
164056
164076
164080
164084
164102
164111
164122
164138
164139
164146
164151
164174
164175
164180
164181
164185
164189
164191
164196
164224
164227
164237
164239
164253
164260
164273
164299
164300
164304
164305
164354
164363
164366
164366
164374
164393
164396
164398
164413
164431
164467
164480
164491
164495
164501
164516
164519
164546
164551
164556
164564
164574
164576
164590
164593
164611
164613
164620
164635
164648
164649
164650
164669
164680
164691
164696
164708
164731
164736
164739
164742
164762
164777
164779
164782
164783
164790
164790
164828
164835
164843
164845
164847
164850
164858
164858
164860
164870
164877
164881
164883
164886
164896
164904
164905
164932
164936
164937
164940
164950
164957
164965
164969
164985
164999
165001
165011
165016
165054
165076
165087
165088
165090
165132
165137
165158
165172
165191
165198
165202
165207
165210
165221
165235
165248
165259
165269
165271
165283
165296
165299
165314
165321
165357
165358
165376
165410
165412
165432
165435
165441
165454
165457
165457
165459
165461
165468
165468
165473
165495
165509
165510
165511
165513
165522
165538
165569
165574
165579
165581
165591
165611
165623
165625
165639
165639
165642
165648
165650
165653
165666
165669
165675
165696
165704
165714
165728
165739
165753
165771
165784
165797
165807
165812
165814
165819
165827
165843
165845
165848
165858
165861
165865
165868
165868
165877
165887
165888
165893
165895
165899
165901
165918
165927
165937
165939
165950
165968
165969
165970
165971
165988
165996
166006
166018
166020
166028
166039
166045
166046
166051
166054
166061
166077
166080
166086
166086
166094
166097
166103
166118
166119
166135
166146
166159
166184
166186
166191
166192
166216
166241
166250
166276
166284
166289
166297
166297
166297
166300
166309
166311
166317
166330
166333
166334
166335
166340
166341
166345
166353
166354
166363
166378
166380
166393
166403
166413
166414
166418
166426
166447
166455
166458
166460
166461
166466
166468
166470
166471
166471
166478
166487
166496
166533
166571
166574
166574
166591
166594
166601
166601
166613
166630
166636
166647
166649
166691
166701
166704
166705
166729
166735
166750
166761
166764
166767
166773
166783
166792
166799
166806
166808
166817
166828
166831
166841
166863
166864
166867
166888
166890
166918
166921
166924
166935
166953
166960
166974
167006
167011
167031
167049
167051
167063
167066
167077
167088
167089
167096
167099
167100
167103
167105
167114
167116
167131
167138
167152
167175
167181
167184
167190
167194
167200
167204
167216
167229
167235
167239
167256
167262
167262
167268
167300
167318
167323
167324
167335
167342
167367
167372
167375
167380
167393
167401
167413
167421
167422
167444
167491
167493
167525
167553
167557
167568
167574
167578
167598
167604
167604
167607
167621
167622
167648
167656
167679
167683
167683
167688
167691
167724
167739
167753
167754
167756
167767
167768
167798
167807
167819
167831
167840
167841
167845
167853
167872
167877
167879
167886
167900
167902
167918
167936
167943
167948
167954
167956
167961
167963
167972
167985
167987
167990
168007
168010
168013
168027
168035
168042
168042
168049
168058
168058
168060
168061
168069
168071
168073
168087
168088
168097
168103
168106
168110
168111
168114
168117
168127
168140
168140
168148
168154
168161
168169
168176
168178
168185
168200
168210
168220
168245
168247
168248
168250
168263
168274
168283
168286
168293
168299
168328
168332
168340
168347
168349
168382
168386
168388
168391
168415
168423
168429
168431
168441
168448
168460
168467
168469
168478
168482
168484
168490
168498
168504
168504
168506
168524
168529
168531
168571
168574
168575
168590
168600
168601
168610
168611
168646
168649
168654
168662
168677
168690
168698
168719
168723
168724
168735
168739
168758
168762
168763
168767
168773
168777
168777
168780
168794
168798
168802
168826
168845
168847
168854
168855
168860
168869
168870
168873
168882
168883
168883
168884
168899
168903
168919
168921
168922
168927
168936
168953
168965
168973
168976
168978
168978
168981
168984
168985
169005
169007
169017
169025
169029
169043
169044
169049
169050
169050
169052
169075
169079
169081
169087
169122
169131
169138
169146
169153
169162
169173
169181
169188
169190
169195
169208
169212
169221
169240
169243
169244
169245
169260
169260
169263
169267
169287
169295
169298
169301
169302
169317
169322
169336
169344
169344
169357
169359
169364
169375
169383
169389
169397
169398
169404
169410
169422
169423
169426
169428
169430
169435
169435
169440
169443
169444
169453
169456
169467
169468
169470
169483
169499
169510
169511
169522
169522
169529
169532
169533
169534
169534
169538
169539
169541
169543
169550
169552
169562
169564
169565
169568
169568
169571
169583
169585
169589
169591
169601
169613
169616
169627
169650
169650
169662
169665
169668
169670
169676
169677
169689
169719
169721
169728
169730
169749
169751
169761
169766
169769
169779
169781
169783
169786
169786
169791
169799
169817
169822
169829
169834
169845
169848
169850
169853
169862
169868
169870
169871
169873
169879
169899
169901
169901
169903
169919
169927
169930
169942
169945
169968
169983
169988
169992
169999
169999
170000
170000
170003
170010
170011
170037
170044
170072
170077
170077
170079
170083
170084
170108
170112
170128
170147
170164
170165
170191
170209
170209
170221
170224
170225
170226
170238
170241
170247
170266
170285
170291
170292
170294
170297
170297
170300
170300
170305
170305
170310
170321
170324
170352
170359
170400
170408
170409
170409
170416
170418
170424
170435
170448
170452
170458
170466
170468
170477
170479
170499
170506
170513
170524
170538
170540
170549
170601
170603
170634
170649
170649
170662
170664
170668
170673
170683
170684
170688
170689
170692
170699
170700
170712
170720
170733
170737
170756
170770
170775
170782
170791
170807
170812
170832
170838
170838
170839
170842
170845
170848
170850
170852
170853
170868
170869
170869
170871
170874
170884
170888
170895
170916
170923
170924
170931
170932
170937
170945
170953
170962
170969
170980
170990
171013
171016
171021
171024
171046
171046
171052
171058
171077
171092
171111
171112
171119
171121
171130
171152
171154
171173
171175
171181
171181
171182
171186
171188
171191
171214
171241
171243
171249
171264
171278
171279
171285
171287
171296
171301
171328
171329
171334
171349
171355
171374
171384
171384
171394
171401
171408
171411
171412
171419
171435
171438
171439
171441
171448
171453
171466
171475
171496
171496
171506
171510
171513
171515
171523
171530
171530
171533
171533
171545
171550
171569
171570
171572
171578
171585
171593
171605
171611
171612
171613
171618
171619
171628
171634
171660
171665
171669
171698
171702
171715
171715
171715
171718
171719
171720
171720
171721
171725
171733
171783
171785
171797
171800
171808
171825
171830
171836
171860
171874
171875
171884
171909
171910
171916
171923
171935
171937
171954
171955
171957
171961
171963
171974
171994
171998
171999
172019
172028
172029
172032
172034
172044
172051
172057
172058
172061
172062
172077
172081
172088
172090
172097
172100
172104
172114
172116
172117
172124
172127
172132
172140
172144
172160
172171
172176
172179
172185
172193
172194
172211
172218
172228
172229
172234
172249
172251
172251
172261
172274
172314
172318
172321
172334
172337
172357
172360
172379
172394
172398
172408
172448
172470
172477
172492
172501
172540
172546
172550
172557
172557
172571
172594
172595
172607
172618
172621
172626
172629
172629
172634
172638
172651
172662
172685
172688
172706
172712
172713
172719
172729
172734
172739
172740
172744
172752
172754
172756
172758
172775
172776
172777
172781
172787
172792
172795
172795
172797
172799
172805
172814
172816
172819
172820
172823
172829
172830
172849
172859
172860
172860
172864
172866
172866
172870
172901
172902
172911
172936
172939
172940
172958
172962
172964
172970
172974
172974
172982
173001
173005
173029
173042
173054
173058
173070
173077
173096
173106
173116
173117
173128
173130
173134
173148
173150
173154
173159
173173
173189
173191
173195
173197
173199
173201
173206
173221
173233
173242
173249
173253
173264
173281
173288
173295
173302
173308
173309
173314
173321
173332
173340
173354
173361
173370
173373
173376
173396
173402
173406
173418
173420
173427
173430
173433
173434
173446
173449
173456
173457
173473
173477
173478
173509
173518
173525
173534
173547
173551
173553
173569
173573
173577
173578
173578
173581
173585
173590
173592
173597
173600
173606
173612
173623
173639
173641
173643
173646
173663
173676
173680
173691
173694
173697
173717
173718
173735
173738
173740
173757
173760
173762
173771
173776
173781
173788
173800
173801
173802
173840
173841
173849
173890
173908
173909
173914
173920
173923
173941
173948
173960
173969
173971
173975
173987
173994
174003
174004
174004
174013
174015
174018
174020
174026
174034
174045
174056
174069
174070
174090
174099
174111
174138
174153
174156
174160
174164
174169
174169
174194
174199
174201
174206
174208
174213
174236
174237
174239
174244
174249
174254
174280
174283
174304
174310
174325
174338
174341
174342
174342
174351
174371
174371
174381
174385
174387
174394
174405
174407
174412
174417
174438
174438
174442
174459
174493
174496
174502
174505
174514
174522
174557
174565
174567
174577
174592
174593
174599
174608
174611
174617
174625
174626
174631
174635
174637
174645
174655
174656
174667
174672
174672
174682
174685
174688
174691
174698
174717
174724
174729
174733
174751
174753
174755
174768
174775
174781
174786
174796
174810
174815
174822
174822
174832
174832
174841
174847
174856
174857
174901
174901
174905
174907
174927
174936
174942
174953
174972
174980
174998
175009
175022
175025
175031
175043
175049
175054
175064
175066
175070
175081
175083
175083
175086
175089
175091
175100
175111
175113
175116
175118
175124
175127
175133
175138
175148
175157
175159
175171
175173
175195
175197
175203
175207
175219
175228
175239
175252
175261
175268
175279
175289
175292
175293
175295
175300
175301
175310
175316
175317
175322
175325
175329
175333
175334
175334
175339
175342
175346
175348
175371
175386
175403
175417
175424
175425
175435
175437
175437
175438
175454
175456
175457
175469
175470
175481
175482
175492
175499
175501
175505
175520
175531
175531
175535
175536
175547
175564
175565
175565
175569
175578
175592
175594
175597
175598
175599
175600
175607
175622
175629
175649
175652
175658
175662
175666
175673
175676
175696
175701
175703
175707
175722
175726
175728
175744
175751
175765
175779
175797
175805
175807
175817
175819
175828
175831
175851
175856
175867
175869
175874
175879
175883
175884
175895
175901
175908
175913
175919
175928
175931
175936
175948
175949
175950
175953
175956
175967
175970
175978
175981
176002
176023
176023
176024
176030
176038
176045
176051
176074
176077
176086
176086
176101
176105
176107
176121
176125
176125
176151
176158
176163
176165
176167
176172
176179
176180
176183
176185
176190
176198
176207
176209
176218
176220
176220
176225
176266
176268
176282
176305
176312
176319
176320
176323
176328
176329
176337
176351
176354
176360
176367
176371
176397
176406
176418
176421
176434
176439
176461
176462
176464
176465
176467
176482
176491
176493
176493
176496
176504
176507
176523
176533
176538
176559
176568
176569
176571
176572
176583
176592
176593
176615
176618
176628
176630
176631
176632
176635
176636
176639
176643
176643
176653
176656
176667
176680
176693
176698
176699
176702
176703
176714
176717
176734
176753
176783
176798
176812
176813
176813
176819
176820
176820
176824
176832
176833
176834
176845
176853
176856
176869
176871
176878
176878
176883
176886
176890
176890
176892
176893
176896
176901
176902
176902
176905
176910
176914
176918
176926
176948
176950
176962
176964
176971
176982
176989
177003
177004
177020
177029
177041
177044
177045
177049
177052
177053
177057
177077
177093
177097
177099
177101
177117
177128
177134
177134
177135
177140
177145
177148
177148
177149
177156
177161
177171
177173
177181
177191
177199
177211
177214
177219
177227
177235
177246
177249
177252
177253
177260
177263
177274
177277
177303
177306
177331
177350
177352
177356
177356
177356
177364
177367
177371
177382
177391
177396
177397
177397
177404
177412
177415
177425
177428
177438
177441
177443
177447
177453
177454
177468
177492
177492
177498
177499
177501
177553
177574
177581
177582
177588
177600
177605
177611
177655
177655
177656
177668
177676
177679
177701
177710
177713
177715
177716
177720
177726
177730
177736
177743
177746
177752
177759
177766
177781
177785
177803
177807
177810
177813
177814
177824
177828
177834
177837
177839
177874
177876
177877
177878
177878
177882
177886
177886
177901
177904
177905
177911
177912
177912
177928
177934
177944
177952
177965
177969
177995
178010
178016
178024
178039
178048
178050
178055
178060
178076
178077
178079
178084
178094
178102
178122
178131
178132
178139
178151
178155
178164
178178
178184
178189
178195
178207
178217
178218
178220
178221
178224
178240
178242
178259
178269
178269
178275
178276
178293
178301
178303
178337
178353
178371
178377
178378
178390
178398
178406
178410
178411
178446
178451
178469
178473
178481
178486
178488
178498
178504
178512
178522
178539
178543
178546
178547
178552
178556
178563
178573
178584
178597
178597
178605
178612
178632
178635
178682
178693
178694
178696
178710
178718
178723
178734
178735
178738
178743
178751
178757
178761
178766
178784
178784
178790
178797
178801
178804
178806
178819
178823
178829
178830
178833
178836
178840
178844
178879
178881
178884
178889
178891
178894
178903
178909
178910
178914
178917
178924
178937
178949
178952
178959
178971
178972
178975
178984
178988
178989
178996
178998
179016
179018
179022
179022
179030
179036
179051
179053
179053
179055
179071
179073
179087
179105
179110
179110
179112
179116
179121
179128
179132
179141
179143
179154
179164
179166
179173
179182
179189
179195
179196
179210
179216
179217
179218
179223
179235
179235
179261
179262
179290
179291
179299
179299
179301
179301
179304
179312
179316
179322
179332
179332
179333
179334
179336
179338
179346
179355
179356
179360
179376
179382
179386
179392
179398
179401
179414
179419
179421
179427
179432
179439
179439
179447
179448
179451
179453
179454
179456
179464
179487
179504
179507
179507
179518
179518
179520
179525
179549
179560
179569
179571
179585
179594
179609
179620
179629
179645
179645
179649
179655
179659
179668
179669
179676
179677
179681
179685
179700
179709
179716
179719
179728
179733
179743
179754
179756
179772
179774
179776
179788
179795
179798
179799
179799
179807
179830
179831
179834
179840
179861
179863
179872
179873
179877
179877
179878
179879
179890
179898
179898
179913
179921
179926
179964
179968
179986
179987
180000
180016
180020
180031
180042
180048
180054
180054
180055
180059
180065
180072
180100
180102
180103
180108
180111
180115
180122
180128
180129
180131
180149
180153
180159
180168
180169
180172
180197
180202
180223
180228
180228
180229
180236
180242
180245
180248
180282
180293
180293
180296
180301
180329
180337
180339
180343
180344
180351
180359
180362
180363
180363
180370
180371
180376
180382
180386
180397
180402
180403
180415
180429
180438
180442
180451
180456
180460
180477
180494
180498
180514
180530
180534
180534
180550
180558
180558
180560
180565
180568
180572
180574
180575
180604
180614
180614
180617
180631
180633
180639
180642
180643
180645
180655
180660
180664
180673
180676
180678
180685
180688
180689
180694
180701
180713
180713
180715
180726
180730
180732
180735
180737
180740
180761
180763
180784
180787
180788
180793
180800
180800
180806
180830
180832
180836
180838
180841
180843
180861
180870
180879
180880
180915
180919
180919
180926
180930
180932
180944
180952
180968
180968
180968
180991
180994
180996
181031
181036
181054
181055
181072
181076
181083
181089
181091
181095
181098
181108
181110
181111
181129
181131
181141
181162
181167
181168
181170
181174
181177
181178
181179
181190
181193
181202
181213
181216
181239
181244
181246
181248
181258
181259
181282
181285
181301
181305
181315
181315
181321
181331
181336
181356
181360
181374
181380
181391
181396
181397
181404
181415
181421
181433
181449
181455
181456
181463
181469
181473
181478
181481
181485
181510
181511
181528
181539
181540
181554
181563
181567
181581
181613
181624
181624
181631
181632
181638
181641
181645
181654
181657
181659
181660
181668
181669
181672
181673
181695
181699
181751
181768
181773
181778
181779
181819
181825
181837
181854
181854
181864
181865
181865
181878
181880
181881
181882
181884
181884
181893
181898
181903
181904
181929
181933
181933
181943
181945
181981
181999
182012
182012
182017
182028
182029
182039
182043
182044
182046
182064
182089
182113
182122
182122
182130
182133
182135
182141
182147
182157
182157
182158
182161
182167
182178
182179
182188
182193
182207
182208
182209
182215
182237
182243
182243
182252
182252
182252
182261
182264
182273
182283
182292
182293
182294
182296
182300
182301
182314
182328
182329
182331
182336
182336
182362
182362
182367
182370
182370
182377
182383
182396
182397
182399
182405
182417
182442
182448
182453
182453
182455
182455
182473
182505
182506
182506
182511
182516
182529
182531
182538
182538
182544
182548
182558
182571
182598
182607
182610
182610
182613
182615
182623
182626
182630
182634
182635
182638
182647
182650
182655
182658
182665
182665
182674
182679
182682
182696
182698
182701
182712
182715
182715
182716
182718
182719
182720
182749
182751
182756
182773
182782
182789
182794
182795
182795
182795
182795
182799
182799
182801
182803
182806
182808
182809
182819
182830
182831
182839
182867
182882
182900
182905
182914
182934
182956
182970
182977
182980
182980
182983
182996
183006
183009
183020
183022
183027
183031
183034
183063
183066
183082
183087
183088
183092
183097
183107
183110
183126
183126
183134
183145
183153
183159
183160
183168
183171
183173
183175
183177
183177
183190
183209
183213
183218
183241
183244
183244
183250
183252
183253
183270
183271
183283
183289
183323
183327
183340
183345
183345
183350
183353
183354
183355
183356
183358
183367
183368
183374
183378
183378
183385
183387
183396
183418
183420
183436
183440
183457
183474
183480
183486
183487
183488
183497
183498
183500
183501
183508
183513
183515
183517
183519
183539
183540
183556
183556
183556
183560
183562
183567
183567
183584
183585
183587
183592
183597
183610
183612
183630
183630
183631
183638
183648
183650
183660
183666
183683
183696
183699
183700
183701
183705
183719
183729
183736
183737
183741
183744
183750
183750
183759
183767
183781
183790
183793
183808
183810
183841
183844
183848
183862
183864
183899
183904
183940
183946
183959
183960
183972
183972
183973
183974
183975
183976
183978
183998
183999
184020
184027
184028
184030
184034
184038
184049
184062
184075
184080
184083
184089
184090
184094
184107
184110
184122
184140
184144
184152
184163
184165
184182
184182
184184
184190
184191
184201
184205
184213
184216
184219
184223
184243
184254
184272
184280
184282
184297
184306
184330
184330
184333
184349
184356
184357
184361
184364
184385
184385
184394
184395
184403
184419
184424
184426
184444
184452
184463
184479
184481
184481
184491
184517
184526
184544
184554
184556
184564
184566
184570
184570
184580
184588
184598
184600
184600
184602
184603
184608
184615
184622
184624
184626
184627
184639
184644
184646
184648
184648
184655
184676
184678
184682
184683
184683
184688
184699
184702
184704
184708
184717
184722
184736
184742
184751
184752
184755
184755
184764
184768
184770
184771
184776
184777
184783
184793
184798
184802
184815
184824
184828
184836
184837
184851
184859
184861
184864
184873
184888
184896
184914
184914
184921
184923
184928
184933
184934
184935
184938
184940
184947
184947
184951
184958
184959
184963
184970
184987
184989
184990
184990
184990
184997
184999
185026
185028
185036
185051
185052
185053
185065
185071
185078
185089
185089
185124
185125
185133
185136
185143
185146
185151
185155
185155
185164
185169
185175
185177
185184
185189
185196
185198
185200
185201
185213
185214
185214
185222
185264
185275
185276
185278
185284
185294
185300
185302
185309
185312
185321
185323
185330
185331
185342
185346
185354
185365
185376
185378
185383
185384
185397
185416
185423
185434
185439
185443
185447
185455
185462
185471
185483
185488
185490
185494
185502
185503
185503
185531
185532
185537
185547
185548
185551
185554
185563
185575
185576
185582
185583
185584
185610
185610
185628
185631
185664
185680
185689
185694
185707
185707
185710
185710
185724
185731
185734
185736
185748
185755
185755
185759
185769
185796
185803
185805
185815
185820
185828
185829
185834
185838
185856
185857
185859
185863
185866
185870
185871
185894
185898
185909
185912
185912
185916
185926
185932
185938
185945
185947
185957
185962
185963
185965
185973
185989
186005
186009
186012
186012
186014
186018
186031
186044
186049
186059
186062
186073
186080
186085
186116
186118
186129
186162
186169
186198
186219
186229
186234
186241
186243
186267
186276
186285
186290
186296
186329
186337
186348
186368
186374
186379
186381
186389
186391
186397
186401
186401
186401
186403
186408
186415
186417
186424
186434
186436
186441
186444
186463
186466
186470
186475
186485
186487
186489
186494
186496
186501
186504
186508
186522
186543
186545
186545
186548
186549
186549
186551
186553
186555
186571
186581
186593
186595
186609
186617
186629
186642
186644
186676
186677
186677
186678
186678
186686
186695
186696
186701
186705
186716
186718
186725
186745
186747
186757
186760
186775
186777
186777
186779
186791
186794
186803
186804
186806
186810
186824
186825
186825
186829
186837
186839
186855
186867
186868
186889
186890
186896
186898
186899
186914
186918
186927
186939
186944
186966
186971
186975
186982
186998
187003
187013
187022
187033
187036
187037
187055
187074
187075
187080
187096
187097
187098
187118
187119
187123
187123
187132
187138
187141
187145
187145
187147
187163
187170
187171
187178
187179
187181
187193
187193
187197
187211
187212
187223
187229
187236
187240
187250
187260
187261
187261
187269
187269
187274
187274
187277
187278
187278
187278
187281
187286
187296
187298
187301
187308
187316
187323
187330
187347
187351
187364
187364
187368
187371
187371
187373
187389
187396
187403
187416
187449
187451
187455
187461
187462
187464
187477
187479
187499
187502
187503
187505
187516
187528
187531
187531
187541
187545
187559
187560
187562
187564
187572
187574
187582
187582
187589
187602
187602
187607
187612
187615
187643
187659
187667
187668
187684
187706
187707
187713
187719
187720
187727
187735
187738
187753
187755
187759
187770
187795
187806
187810
187812
187815
187829
187836
187840
187843
187854
187869
187872
187876
187880
187880
187893
187897
187906
187908
187912
187914
187926
187928
187955
187961
187969
187974
187982
187986
187988
187994
188000
188002
188008
188017
188023
188025
188035
188044
188047
188049
188051
188055
188072
188076
188078
188081
188085
188087
188087
188091
188091
188107
188108
188116
188123
188126
188133
188145
188155
188158
188159
188164
188176
188181
188188
188188
188199
188209
188214
188214
188220
188222
188226
188231
188235
188250
188267
188270
188299
188310
188312
188327
188340
188341
188347
188352
188360
188384
188387
188387
188399
188402
188403
188407
188423
188423
188423
188424
188427
188432
188434
188437
188446
188454
188456
188484
188486
188496
188502
188511
188531
188539
188553
188559
188561
188563
188576
188576
188578
188591
188625
188630
188632
188656
188663
188669
188675
188681
188689
188696
188701
188708
188715
188717
188745
188750
188757
188758
188764
188769
188775
188783
188803
188807
188824
188844
188852
188856
188869
188871
188903
188904
188904
188912
188917
188919
188925
188931
188946
188952
188970
188992
189014
189015
189031
189032
189032
189034
189037
189063
189065
189074
189076
189081
189082
189082
189083
189083
189114
189120
189120
189142
189147
189151
189154
189156
189163
189171
189186
189194
189200
189201
189202
189213
189215
189224
189234
189241
189260
189265
189269
189276
189278
189283
189293
189298
189323
189333
189334
189340
189351
189356
189361
189364
189364
189369
189371
189381
189393
189397
189405
189420
189427
189438
189444
189461
189478
189483
189496
189498
189504
189510
189517
189518
189528
189534
189535
189540
189541
189548
189548
189557
189558
189573
189589
189595
189608
189608
189608
189611
189614
189617
189631
189642
189645
189652
189659
189660
189671
189679
189682
189682
189683
189687
189687
189721
189724
189726
189735
189749
189753
189756
189775
189781
189793
189797
189810
189812
189830
189839
189844
189857
189861
189866
189892
189893
189909
189917
189923
189927
189954
189958
189970
189976
189997
190035
190039
190052
190056
190087
190092
190107
190111
190123
190123
190126
190136
190147
190147
190154
190163
190174
190182
190204
190205
190215
190234
190238
190253
190296
190303
190307
190318
190319
190324
190327
190351
190357
190357
190375
190377
190386
190387
190387
190391
190393
190424
190427
190430
190443
190452
190468
190472
190477
190490
190491
190493
190494
190510
190510
190548
190555
190571
190584
190586
190593
190607
190613
190615
190629
190631
190632
190648
190650
190674
190675
190678
190679
190682
190682
190687
190690
190694
190721
190726
190727
190733
190743
190749
190769
190775
190803
190808
190813
190851
190852
190864
190865
190908
190919
190935
190941
190946
190969
190993
190996
191006
191012
191036
191048
191048
191057
191059
191062
191064
191068
191071
191075
191083
191093
191098
191099
191108
191131
191134
191136
191140
191162
191179
191187
191192
191199
191199
191201
191204
191207
191208
191211
191226
191244
191271
191283
191294
191303
191313
191332
191333
191337
191338
191346
191351
191351
191351
191352
191356
191356
191357
191383
191386
191390
191391
191403
191417
191421
191426
191431
191446
191447
191457
191463
191467
191470
191471
191474
191482
191484
191506
191507
191510
191528
191537
191540
191543
191562
191585
191616
191617
191622
191627
191629
191644
191669
191693
191698
191704
191714
191723
191741
191751
191763
191767
191779
191780
191789
191799
191806
191807
191826
191851
191893
191919
191929
191938
191942
191961
191967
191975
191977
191980
191998
192003
192031
192039
192061
192062
192064
192070
192071
192077
192079
192085
192096
192112
192121
192131
192135
192136
192141
192143
192148
192151
192162
192162
192176
192192
192195
192209
192238
192240
192246
192249
192258
192258
192262
192277
192280
192284
192287
192300
192313
192314
192317
192321
192324
192326
192327
192330
192362
192362
192366
192374
192377
192384
192384
192391
192395
192413
192438
192451
192486
192499
192510
192513
192517
192540
192587
192600
192615
192622
192624
192641
192645
192658
192669
192681
192682
192703
192703
192708
192720
192751
192760
192763
192778
192784
192807
192811
192813
192822
192833
192867
192880
192899
192905
192925
192951
192972
192979
192990
193012
193023
193045
193057
193060
193066
193078
193082
193084
193088
193091
193100
193103
193116
193124
193126
193126
193133
193136
193149
193150
193152
193159
193162
193163
193163
193174
193177
193179
193198
193202
193209
193217
193225
193242
193243
193243
193256
193259
193268
193275
193290
193293
193297
193304
193328
193331
193331
193332
193339
193348
193364
193364
193375
193387
193404
193406
193409
193419
193429
193431
193441
193450
193469
193488
193498
193501
193501
193514
193529
193531
193549
193554
193571
193579
193581
193583
193584
193589
193610
193623
193634
193644
193652
193659
193662
193663
193675
193683
193691
193732
193732
193733
193734
193750
193751
193756
193762
193763
193774
193775
193795
193807
193810
193834
193849
193850
193850
193851
193871
193881
193881
193883
193885
193903
193904
193930
193936
193936
193937
193947
193964
193966
193974
193988
194013
194025
194039
194047
194048
194063
194069
194079
194091
194111
194121
194153
194155
194155
194156
194166
194176
194176
194190
194213
194247
194255
194261
194264
194269
194274
194288
194294
194297
194323
194327
194327
194337
194381
194382
194395
194397
194405
194409
194421
194425
194435
194443
194456
194469
194481
194481
194481
194486
194488
194517
194530
194551
194562
194565
194577
194579
194602
194606
194614
194646
194651
194657
194666
194670
194674
194683
194688
194688
194691
194698
194723
194723
194726
194731
194749
194757
194763
194770
194771
194787
194800
194804
194809
194815
194815
194824
194827
194844
194852
194853
194858
194858
194872
194889
194890
194908
194912
194913
194915
194922
194929
194939
194972
194973
194975
194983
194996
195012
195021
195038
195050
195052
195066
195073
195077
195081
195085
195087
195100
195116
195150
195150
195167
195169
195171
195172
195188
195189
195194
195210
195220
195243
195250
195271
195272
195274
195326
195331
195338
195339
195341
195410
195419
195422
195425
195447
195451
195459
195476
195482
195495
195527
195528
195531
195543
195556
195563
195576
195579
195589
195606
195633
195662
195668
195669
195674
195709
195733
195735
195745
195746
195757
195764
195779
195806
195822
195826
195827
195837
195846
195851
195859
195860
195907
195920
195922
195962
195975
195992
195995
196023
196026
196029
196040
196050
196098
196111
196115
196137
196147
196161
196165
196176
196178
196199
196208
196219
196225
196256
196268
196277
196286
196288
196304
196305
196313
196324
196330
196334
196337
196345
196350
196351
196356
196356
196366
196366
196374
196390
196398
196400
196417
196424
196444
196464
196470
196471
196501
196507
196510
196528
196532
196538
196576
196583
196615
196648
196649
196665
196675
196678
196679
196691
196692
196692
196693
196697
196703
196715
196721
196722
196724
196769
196778
196778
196784
196811
196813
196872
196878
196889
196896
196914
196919
196921
196922
196922
196931
196934
196951
196951
196959
196981
197008
197033
197041
197043
197043
197056
197060
197072
197094
197101
197104
197106
197109
197111
197133
197152
197154
197183
197183
197183
197191
197197
197218
197219
197236
197242
197247
197249
197250
197250
197263
197287
197305
197317
197328
197337
197348
197368
197377
197390
197422
197428
197432
197436
197447
197452
197458
197479
197491
197493
197493
197504
197525
197529
197539
197540
197555
197571
197575
197580
197582
197586
197600
197604
197612
197613
197618
197618
197623
197630
197632
197638
197672
197673
197683
197705
197709
197712
197714
197716
197719
197751
197754
197770
197782
197789
197790
197803
197806
197818
197853
197858
197860
197875
197882
197890
197903
197910
197921
197925
197926
197930
197959
197970
197997
197997
198005
198035
198074
198090
198127
198129
198136
198149
198155
198157
198170
198180
198185
198199
198226
198246
198250
198253
198277
198314
198325
198344
198349
198368
198375
198382
198393
198394
198414
198417
198431
198441
198452
198461
198469
198471
198473
198503
198505
198526
198528
198539
198546
198561
198569
198571
198572
198594
198595
198597
198604
198613
198627
198629
198631
198636
198657
198662
198662
198668
198670
198671
198675
198689
198692
198696
198699
198707
198735
198760
198773
198781
198791
198814
198817
198821
198832
198845
198853
198854
198861
198874
198875
198879
198883
198907
198966
198966
198971
198993
199005
199008
199013
199024
199039
199047
199047
199052
199054
199056
199061
199077
199085
199101
199105
199112
199115
199116
199119
199138
199138
199153
199163
199168
199172
199173
199176
199181
199182
199198
199199
199212
199217
199228
199232
199235
199243
199248
199268
199324
199326
199338
199344
199355
199365
199366
199374
199410
199414
199424
199439
199451
199474
199488
199493
199496
199527
199529
199531
199533
199542
199567
199574
199588
199605
199618
199631
199654
199659
199676
199679
199691
199691
199710
199722
199748
199750
199755
199775
199789
199802
199818
199824
199835
199853
199854
199857
199865
199870
199873
199883
199904
199911
199916
199940
199947
199952
199988
199991
200026
200044
200045
200063
200076
200077
200083
200129
200140
200150
200163
200184
200188
200229
200244
200247
200249
200257
200258
200262
200273
200277
200285
200292
200294
200295
200308
200324
200342
200353
200369
200380
200383
200384
200384
200391
200397
200417
200419
200438
200447
200476
200529
200530
200537
200546
200547
200566
200585
200597
200607
200616
200630
200635
200691
200691
200693
200693
200699
200708
200712
200713
200726
200748
200765
200771
200776
200818
200835
200845
200846
200870
200874
200931
200932
200935
200947
200981
200983
200983
200990
200995
201005
201008
201016
201024
201027
201033
201053
201060
201076
201094
201097
201109
201119
201121
201130
201132
201133
201134
201154
201164
201176
201179
201206
201215
201222
201226
201234
201241
201245
201260
201290
201290
201322
201330
201331
201338
201343
201355
201374
201409
201418
201422
201422
201426
201427
201436
201440
201444
201479
201488
201493
201495
201506
201507
201519
201533
201540
201581
201587
201595
201642
201647
201665
201666
201673
201674
201682
201687
201692
201694
201697
201735
201735
201746
201778
201794
201797
201812
201821
201823
201831
201860
201871
201887
201912
201914
201914
201929
201960
201967
201970
201974
201981
201984
201993
201993
201993
202000
202014
202020
202078
202078
202103
202107
202121
202121
202138
202141
202143
202152
202168
202185
202187
202187
202216
202235
202239
202262
202279
202298
202304
202327
202341
202364
202375
202392
202401
202415
202417
202450
202454
202473
202479
202500
202501
202503
202566
202569
202601
202660
202701
202707
202719
202727
202735
202739
202756
202777
202786
202791
202801
202806
202868
202900
202901
202931
202935
202948
202962
202974
202986
203013
203034
203036
203058
203063
203071
203112
203113
203121
203128
203148
203152
203164
203184
203190
203213
203219
203228
203235
203241
203243
203274
203276
203306
203320
203329
203351
203351
203373
203388
203396
203407
203420
203470
203486
203495
203501
203515
203521
203529
203553
203580
203582
203591
203595
203596
203597
203623
203643
203663
203675
203679
203707
203739
203744
203762
203766
203796
203796
203811
203835
203836
203837
203850
203851
203871
203878
203886
203911
203922
203924
203935
203963
203970
203973
203979
203994
204028
204048
204064
204118
204133
204144
204149
204151
204190
204194
204227
204233
204237
204254
204286
204290
204292
204292
204316
204329
204342
204352
204354
204398
204405
204430
204440
204494
204520
204591
204609
204654
204672
204672
204680
204686
204702
204731
204738
204776
204803
204810
204816
204823
204886
204894
204916
204933
204934
204941
205001
205004
205041
205042
205059
205065
205072
205088
205101
205111
205115
205153
205176
205200
205220
205275
205306
205311
205340
205347
205357
205367
205371
205382
205382
205386
205386
205391
205393
205395
205430
205445
205449
205454
205454
205466
205478
205515
205536
205563
205580
205609
205610
205620
205640
205662
205665
205725
205777
205849
205867
205925
205939
205954
205973
205975
206050
206124
206153
206158
206172
206188
206213
206243
206252
206255
206279
206294
206305
206310
206327
206331
206334
206355
206362
206373
206394
206399
206426
206430
206448
206451
206466
206469
206475
206489
206495
206500
206544
206550
206557
206594
206658
206664
206677
206679
206681
206688
206707
206743
206762
206782
206786
206810
206857
206899
206904
206930
206938
206959
207017
207047
207047
207076
207079
207102
207121
207151
207171
207262
207277
207284
207285
207303
207342
207510
207520
207581
207585
207589
207614
207619
207621
207659
207664
207670
207683
207700
207705
207715
207729
207835
207879
207912
207935
207951
207954
207968
208001
208020
208061
208073
208082
208104
208110
208114
208119
208130
208161
208162
208177
208179
208242
208255
208269
208319
208329
208354
208372
208397
208433
208433
208453
208457
208458
208482
208500
208509
208521
208547
208575
208579
208585
208597
208609
208634
208672
208738
208740
208758
208774
208781
208795
208801
208807
208818
208852
208873
208913
208935
208954
208968
208986
209008
209049
209064
209091
209161
209179
209199
209202
209250
209259
209287
209339
209347
209365
209385
209385
209420
209456
209458
209473
209502
209515
209529
209532
209549
209626
209659
209671
209686
209704
209733
209739
209747
209762
209776
209828
209839
209854
209908
209944
209994
210003
210019
210107
210111
210136
210146
210226
210316
210368
210368
210400
210405
210451
210567
210661
210679
210682
210701
210724
210742
210760
210762
210790
210822
210829
210862
210872
210920
210982
210989
210989
210991
211010
211100
211111
211135
211177
211214
211273
211277
211279
211287
211297
211337
211395
211423
211447
211481
211492
211531
211561
211580
211592
211623
211666
211669
211679
211713
211734
211773
211776
211793
211807
211809
211830
211832
211838
211844
211870
211908
211914
211960
212055
212144
212181
212182
212277
212278
212289
212336
212337
212364
212413
212428
212471
212535
212705
212726
212879
212882
212978
212983
213050
213125
213164
213206
213221
213234
213276
213284
213293
213376
213379
213395
213441
213451
213473
213506
213530
213532
213539
213566
213567
213570
213599
213630
213640
213662
213669
213709
213728
213751
213766
213769
213771
213834
213854
213879
213958
213975
213992
214020
214073
214096
214106
214220
214224
214267
214301
214337
214340
214342
214355
214367
214375
214394
214494
214520
214556
214565
214614
214650
214662
214670
214701
214770
214866
214883
214910
214956
214962
214984
215004
215062
215138
215157
215195
215230
215290
215296
215297
215332
215367
215381
215385
215391
215440
215546
215636
215669
215707
215715
215723
215865
215899
215912
215942
215993
216114
216145
216150
216180
216247
216316
216368
216369
216418
216420
216445
216519
216577
216744
216781
216848
216863
216873
216927
216935
216991
217029
217031
217048
217058
217082
217224
217240
217262
217314
217328
217333
217377
217393
217482
217505
217598
217645
217678
217810
217872
217906
217934
217993
217998
218103
218107
218124
218129
218143
218180
218236
218325
218329
218434
218451
218459
218488
218528
218565
218710
218714
218770
218812
218822
218857
218883
218924
219050
219098
219102
219104
219108
219140
219168
219198
219327
219533
219548
219638
219650
219763
219852
219878
219887
219906
220002
220010
220072
220079
220181
220249
220280
220379
220414
220447
220581
220602
220768
220839
220855
220957
220964
220971
221133
221156
221162
221264
221304
221653
221782
221817
222121
222258
222287
222287
222303
222440
222457
222619
222643
222687
222712
222738
222853
222924
222934
222952
222971
223095
223303
223318
223320
223416
223459
223467
223495
223516
223568
223598
223605
223820
223831
223902
223932
223971
223998
224233
224281
224494
224623
224718
224980
225093
225146
225283
225342
225424
225440
225582
225614
225861
226100
226139
226177
226198
226349
226489
226609
226645
226680
226700
226747
226861
227032
227146
227268
227388
227534
227617
227664
227819
228244
228267
228270
228339
228343
228541
228736
228779
228833
229321
229733
229830
229897
229946
230132
230229
230270
230280
230719
231135
231166
231186
232075
232081
232312
232376
232398
232852
233260
233755
234090
234182
234284
234975
235261
235562
236133
236849
237101
237165
237260
238479
239201
240606
242303
243146
243254
244046
246763
250307
